[0m2022.02.25 11:00:29 INFO  Started: Metals version 0.10.9 in workspace '/Users/gavinleroy/dev/uni/acc/asgs/l3-warmup/compiler' for client emacs GNU Emacs 27.2 (build 1, x86_64-apple-darwin20.6.0, Carbon Version 164 AppKit 2022.6)
 of 2022-02-19.[0m
[0m2022.02.25 11:00:31 INFO  time: initialize in 1.6s[0m
[0m2022.02.25 11:00:31 WARN  Build server is not auto-connectable.[0m
[0m2022.02.25 11:00:32 WARN  no build target for: /Users/gavinleroy/dev/uni/acc/asgs/l3-warmup/compiler/src/l3/L3Parser.scala[0m
[0m2022.02.25 11:00:35 INFO  no build target: using presentation compiler with only scala-library: 3.1.0[0m
[0m2022.02.25 11:00:38 INFO  time: code lens generation in 4.88s[0m
[0m2022.02.25 11:00:38 INFO  time: code lens generation in 4.89s[0m
[0m2022.02.25 11:00:38 INFO  time: code lens generation in 5.91s[0m
[0m2022.02.25 11:00:38 INFO  time: code lens generation in 5.89s[0m
[0m2022.02.25 11:00:39 INFO  running '/Library/Java/JavaVirtualMachines/temurin-17.jdk/Contents/Home/bin/java -Djline.terminal=jline.UnsupportedTerminal -Dsbt.log.noformat=true -Dfile.encoding=UTF-8 -jar /var/folders/_k/26fn0z056gl8k5qh7q82dws00000gn/T/metals10080241036751397750/sbt-launch.jar -Dbloop.export-jar-classifiers=sources bloopInstall'[0m
[0m2022.02.25 11:00:40 INFO  [info] welcome to sbt 1.6.2 (Eclipse Adoptium Java 17.0.2)[0m
[0m2022.02.25 11:00:42 INFO  [info] loading settings for project compiler-build-build-build from metals.sbt ...[0m
[0m2022.02.25 11:00:48 INFO  [info] loading project definition from /Users/gavinleroy/dev/uni/acc/asgs/l3-warmup/compiler/project/project/project[0m
[0m2022.02.25 11:00:50 INFO  [info] loading settings for project compiler-build-build from metals.sbt ...[0m
[0m2022.02.25 11:00:50 INFO  [info] loading project definition from /Users/gavinleroy/dev/uni/acc/asgs/l3-warmup/compiler/project/project[0m
[0m2022.02.25 11:00:53 INFO  [success] Generated .bloop/compiler-build-build.json[0m
[0m2022.02.25 11:00:53 INFO  [success] Total time: 3 s, completed 25 Feb 2022, 11:00:53[0m
[0m2022.02.25 11:00:54 INFO  [info] loading settings for project compiler-build from metals.sbt,plugins.sbt ...[0m
[0m2022.02.25 11:00:54 INFO  [info] loading project definition from /Users/gavinleroy/dev/uni/acc/asgs/l3-warmup/compiler/project[0m
[0m2022.02.25 11:00:56 INFO  [success] Generated .bloop/compiler-build.json[0m
[0m2022.02.25 11:00:56 INFO  [success] Total time: 2 s, completed 25 Feb 2022, 11:00:56[0m
[0m2022.02.25 11:00:58 INFO  [info] loading settings for project root from build.sbt ...[0m
[0m2022.02.25 11:00:58 INFO  [info] set current project to l3c (in build file:/Users/gavinleroy/dev/uni/acc/asgs/l3-warmup/compiler/)[0m
[0m2022.02.25 11:00:59 INFO  [success] Generated .bloop/root.json[0m
[0m2022.02.25 11:00:59 INFO  [success] Generated .bloop/root-test.json[0m
[0m2022.02.25 11:00:59 INFO  [success] Total time: 1 s, completed 25 Feb 2022, 11:00:59[0m
[0m2022.02.25 11:00:59 INFO  time: ran 'sbt bloopInstall' in 19s[0m
[0m2022.02.25 11:00:59 INFO  Attempting to connect to the build server...[0m
Starting the bsp launcher for bloop...
Opening a bsp server connection with 'bsp --protocol local --socket /var/folders/_k/26fn0z056gl8k5qh7q82dws00000gn/T/bsp-launcher11951287772931066069/bsp.socket'...
Waiting for the bsp connection to come up...
Waiting for the bsp connection to come up...
Waiting for the bsp connection to come up...
Waiting for the bsp connection to come up...
No server running at 127.0.0.1:8212, let's fire one...
Resolving ch.epfl.scala:bloop-frontend_2.12:1.4.11...
Starting bloop server at 127.0.0.1:8212...
Attempting a connection to the server...
Attempting a connection to the server...
[0m[32m[D][0m Loading 2 projects from '/Users/gavinleroy/dev/uni/acc/asgs/l3-warmup/compiler/.bloop'...
[0m[32m[D][0m Loading project from '/Users/gavinleroy/dev/uni/acc/asgs/l3-warmup/compiler/.bloop/root.json'
[0m[32m[D][0m Loading project from '/Users/gavinleroy/dev/uni/acc/asgs/l3-warmup/compiler/.bloop/root-test.json'
[0m[32m[D][0m Cache miss for scala instance org.scala-lang:scala-compiler:2.13.8.
[0m[32m[D][0m   => /Users/gavinleroy/Library/Caches/Coursier/v1/https/repo1.maven.org/maven2/net/java/dev/jna/jna/5.9.0/jna-5.9.0.jar
[0m[32m[D][0m   => /Users/gavinleroy/Library/Caches/Coursier/v1/https/repo1.maven.org/maven2/org/jline/jline/3.21.0/jline-3.21.0.jar
[0m[32m[D][0m   => /Users/gavinleroy/Library/Caches/Coursier/v1/https/repo1.maven.org/maven2/org/scala-lang/scala-compiler/2.13.8/scala-compiler-2.13.8.jar
[0m[32m[D][0m   => /Users/gavinleroy/Library/Caches/Coursier/v1/https/repo1.maven.org/maven2/org/scala-lang/scala-library/2.13.8/scala-library-2.13.8.jar
[0m[32m[D][0m   => /Users/gavinleroy/Library/Caches/Coursier/v1/https/repo1.maven.org/maven2/org/scala-lang/scala-reflect/2.13.8/scala-reflect-2.13.8.jar
[0m[32m[D][0m Missing analysis file for project 'root'
[0m[32m[D][0m Missing analysis file for project 'root-test'
[0m[32m[D][0m Waiting for a connection at local:///var/folders/_k/26fn0z056gl8k5qh7q82dws00000gn/T/bsp-launcher11951287772931066069/bsp.socket...
The server is listening for incoming connections at local:///var/folders/_k/26fn0z056gl8k5qh7q82dws00000gn/T/bsp-launcher11951287772931066069/bsp.socket...
Starting thread that pumps stdin and redirects it to the bsp server...
Starting thread that pumps server stdout and redirects it to the client stdout...
[0m2022.02.25 11:01:03 INFO  tracing is disabled for protocol BSP, to enable tracing of incoming and outgoing JSON messages create an empty file at /Users/gavinleroy/Library/Caches/org.scalameta.metals/bsp.trace.json[0m
[0m2022.02.25 11:01:03 INFO  Attempting to connect to the build server...[0m
[0m2022.02.25 11:01:03 INFO  Attempting to connect to the build server...Starting the bsp launcher for bloop...
[0m
Opening a bsp server connection with 'bsp --protocol local --socket /var/folders/_k/26fn0z056gl8k5qh7q82dws00000gn/T/bsp-launcher12281235013828090321/bsp.socket'...
Starting the bsp launcher for bloop...
Opening a bsp server connection with 'bsp --protocol local --socket /var/folders/_k/26fn0z056gl8k5qh7q82dws00000gn/T/bsp-launcher15130508459109876671/bsp.socket'...
Waiting for the bsp connection to come up...
Waiting for the bsp connection to come up...
[0m[32m[D][0m Loading workspace settings from bloop.settings.json
[0m[32m[D][0m Waiting for a connection at local:///var/folders/_k/26fn0z056gl8k5qh7q82dws00000gn/T/bsp-launcher12281235013828090321/bsp.socket...
The server is listening for incoming connections at local:///var/folders/_k/26fn0z056gl8k5qh7q82dws00000gn/T/bsp-launcher12281235013828090321/bsp.socket...
[0m[32m[D][0m Loading workspace settings from bloop.settings.json
[0m[32m[D][0m Waiting for a connection at local:///var/folders/_k/26fn0z056gl8k5qh7q82dws00000gn/T/bsp-launcher15130508459109876671/bsp.socket...
The server is listening for incoming connections at local:///var/folders/_k/26fn0z056gl8k5qh7q82dws00000gn/T/bsp-launcher15130508459109876671/bsp.socket...
Starting thread that pumps stdin and redirects it to the bsp server...
Starting thread that pumps stdin and redirects it to the bsp server...
Starting thread that pumps server stdout and redirects it to the client stdout...
Starting thread that pumps server stdout and redirects it to the client stdout...
[0m2022.02.25 11:01:03 INFO  tracing is disabled for protocol BSP, to enable tracing of incoming and outgoing JSON messages create an empty file at /Users/gavinleroy/Library/Caches/org.scalameta.metals/bsp.trace.json[0m
[0m2022.02.25 11:01:03 INFO  tracing is disabled for protocol BSP, to enable tracing of incoming and outgoing JSON messages create an empty file at /Users/gavinleroy/Library/Caches/org.scalameta.metals/bsp.trace.json[0m
[0m2022.02.25 11:01:08 INFO  time: Connected to build server in 8.7s[0m
[0m2022.02.25 11:01:08 INFO  Connected to Build server: Bloop v1.4.11[0m
[0m2022.02.25 11:01:08 INFO  time: Imported build in 0.13s[0m
[0m2022.02.25 11:01:17 INFO  time: indexed workspace in 9.18s[0m
[0m2022.02.25 11:01:17 WARN  unsupported Scala 2.13.8[0m
[0m2022.02.25 11:01:17 INFO  compiling root (16 scala sources)[0m
[0m2022.02.25 11:01:19 INFO  no build target: using presentation compiler with only scala-library: 2.13.7[0m
[0m2022.02.25 11:01:33 INFO  compiling root-test (3 scala sources)[0m
[0m2022.02.25 11:01:33 INFO  time: compiled root in 15s[0m
[0m2022.02.25 11:01:33 INFO  time: compiled root-test in 0.91s[0m
[0m2022.02.25 11:02:02 WARN  unsupported Scala 2.13.8[0m
Default dialect is deprecated; use explicit: [Scala211,scala212,Scala212Source3,scala213,Scala213Source3,Sbt0137,Sbt1,scala3]
Also see https://scalameta.org/scalafmt/docs/configuration.html#scala-dialects"
[0m2022.02.25 11:02:56 INFO  compiling root (1 scala source)[0m
[0m2022.02.25 11:02:59 INFO  time: compiled root in 2.85s[0m
[0m2022.02.25 11:03:13 WARN  unsupported Scala 2.13.8[0m
[0m2022.02.25 11:03:20 WARN  unsupported Scala 2.13.8[0m
[0m2022.02.25 11:03:20 WARN  unsupported Scala 2.13.8[0m
[0m2022.02.25 11:03:20 WARN  unsupported Scala 2.13.8[0m
[0m2022.02.25 11:03:20 WARN  unsupported Scala 2.13.8[0m
Feb 25, 2022 11:03:20 AM org.eclipse.lsp4j.jsonrpc.RemoteEndpoint handleCancellation
WARNING: Unmatched cancel notification for request id 70
[0m2022.02.25 11:03:22 WARN  unsupported Scala 2.13.8[0m
[0m2022.02.25 11:03:22 WARN  unsupported Scala 2.13.8[0m
[0m2022.02.25 11:03:22 WARN  unsupported Scala 2.13.8[0m
[0m2022.02.25 11:03:22 WARN  unsupported Scala 2.13.8[0m
[0m2022.02.25 11:03:23 INFO  compiling root (1 scala source)[0m
[0m2022.02.25 11:03:25 INFO  time: compiled root in 2.34s[0m
[0m2022.02.25 11:04:00 WARN  unsupported Scala 2.13.8[0m
[0m2022.02.25 11:04:05 WARN  unsupported Scala 2.13.8[0m
[0m2022.02.25 11:04:07 WARN  unsupported Scala 2.13.8[0m
[0m2022.02.25 11:04:09 WARN  unsupported Scala 2.13.8[0m
[0m2022.02.25 11:04:13 WARN  unsupported Scala 2.13.8[0m
[0m2022.02.25 11:04:15 WARN  unsupported Scala 2.13.8[0m
[0m2022.02.25 11:06:44 WARN  unsupported Scala 2.13.8[0m
Feb 25, 2022 11:06:44 AM org.eclipse.lsp4j.jsonrpc.RemoteEndpoint handleCancellation
WARNING: Unmatched cancel notification for request id 115
[0m2022.02.25 11:07:26 WARN  unsupported Scala 2.13.8[0m
Feb 25, 2022 11:07:26 AM org.eclipse.lsp4j.jsonrpc.RemoteEndpoint handleCancellation
WARNING: Unmatched cancel notification for request id 126
Feb 25, 2022 11:07:26 AM org.eclipse.lsp4j.jsonrpc.RemoteEndpoint handleCancellation
WARNING: Unmatched cancel notification for request id 127
[0m2022.02.25 11:13:34 WARN  unsupported Scala 2.13.8[0m
[0m2022.02.25 11:13:37 WARN  unsupported Scala 2.13.8[0m
[0m2022.02.25 11:13:37 WARN  unsupported Scala 2.13.8[0m
[0m2022.02.25 11:13:39 WARN  unsupported Scala 2.13.8[0m
[0m2022.02.25 11:13:39 WARN  unsupported Scala 2.13.8[0m
[0m2022.02.25 11:13:42 WARN  unsupported Scala 2.13.8[0m
[0m2022.02.25 11:14:33 WARN  unsupported Scala 2.13.8[0m
[0m2022.02.25 11:14:36 WARN  unsupported Scala 2.13.8[0m
[0m2022.02.25 11:14:38 WARN  unsupported Scala 2.13.8[0m
[0m2022.02.25 11:14:40 WARN  unsupported Scala 2.13.8[0m
[0m2022.02.25 11:14:44 WARN  unsupported Scala 2.13.8[0m
[0m2022.02.25 11:14:45 WARN  unsupported Scala 2.13.8[0m
[0m2022.02.25 11:14:56 WARN  unsupported Scala 2.13.8[0m
[0m2022.02.25 11:14:56 WARN  unsupported Scala 2.13.8[0m
[0m2022.02.25 11:14:58 WARN  unsupported Scala 2.13.8[0m
[0m2022.02.25 11:15:02 WARN  unsupported Scala 2.13.8[0m
[0m2022.02.25 11:31:42 WARN  unsupported Scala 2.13.8[0m
[0m2022.02.25 11:31:53 INFO  compiling root (1 scala source)[0m
[0m2022.02.25 11:31:56 INFO  time: compiled root in 2.74s[0m
[0m2022.02.25 11:52:33 INFO  compiling root (1 scala source)[0m
[0m2022.02.25 11:52:35 INFO  time: compiled root in 2.44s[0m
[0m2022.02.25 11:52:49 WARN  unsupported Scala 2.13.8[0m
[0m2022.02.25 11:52:55 WARN  unsupported Scala 2.13.8[0m
[0m2022.02.25 12:00:04 WARN  unsupported Scala 2.13.8[0m
[0m2022.02.25 12:00:06 WARN  unsupported Scala 2.13.8[0m
[0m2022.02.25 12:00:06 WARN  unsupported Scala 2.13.8[0m
[0m2022.02.25 12:00:07 WARN  unsupported Scala 2.13.8[0m
[0m2022.02.25 12:00:07 WARN  unsupported Scala 2.13.8[0m
[0m2022.02.25 12:00:12 WARN  unsupported Scala 2.13.8[0m
[0m2022.02.25 12:00:13 WARN  unsupported Scala 2.13.8[0m
[0m2022.02.25 12:00:16 WARN  unsupported Scala 2.13.8[0m
[0m2022.02.25 12:00:17 WARN  unsupported Scala 2.13.8[0m
Feb 25, 2022 12:00:58 PM org.eclipse.lsp4j.jsonrpc.RemoteEndpoint handleCancellation
WARNING: Unmatched cancel notification for request id 478
Feb 25, 2022 12:00:58 PM org.eclipse.lsp4j.jsonrpc.RemoteEndpoint handleCancellation
WARNING: Unmatched cancel notification for request id 477
Feb 25, 2022 12:01:02 PM org.eclipse.lsp4j.jsonrpc.RemoteEndpoint handleCancellation
WARNING: Unmatched cancel notification for request id 483
Feb 25, 2022 12:01:02 PM org.eclipse.lsp4j.jsonrpc.RemoteEndpoint handleCancellation
WARNING: Unmatched cancel notification for request id 482
[0m2022.02.25 12:01:03 WARN  unsupported Scala 2.13.8[0m
Feb 25, 2022 12:01:04 PM org.eclipse.lsp4j.jsonrpc.RemoteEndpoint handleCancellation
WARNING: Unmatched cancel notification for request id 488
Feb 25, 2022 12:01:04 PM org.eclipse.lsp4j.jsonrpc.RemoteEndpoint handleCancellation
WARNING: Unmatched cancel notification for request id 487
[0m2022.02.25 12:01:07 WARN  unsupported Scala 2.13.8[0m
[0m2022.02.25 12:01:07 WARN  unsupported Scala 2.13.8[0m
[0m2022.02.25 12:01:14 WARN  unsupported Scala 2.13.8[0m
[0m2022.02.25 12:01:14 WARN  unsupported Scala 2.13.8[0m
[0m2022.02.25 12:01:14 WARN  unsupported Scala 2.13.8[0m
[0m2022.02.25 12:01:14 WARN  unsupported Scala 2.13.8[0m
[0m2022.02.25 12:01:14 WARN  unsupported Scala 2.13.8[0m
[0m2022.02.25 12:01:15 WARN  unsupported Scala 2.13.8[0m
[0m2022.02.25 12:01:15 WARN  unsupported Scala 2.13.8[0m
[0m2022.02.25 12:01:15 WARN  unsupported Scala 2.13.8[0m
[0m2022.02.25 12:01:15 WARN  unsupported Scala 2.13.8[0m
[0m2022.02.25 12:01:15 WARN  unsupported Scala 2.13.8[0m
[0m2022.02.25 12:01:15 WARN  unsupported Scala 2.13.8[0m
[0m2022.02.25 12:01:16 WARN  unsupported Scala 2.13.8[0m
[0m2022.02.25 12:01:18 WARN  unsupported Scala 2.13.8[0m
[0m2022.02.25 12:01:40 WARN  unsupported Scala 2.13.8[0m
[0m2022.02.25 12:03:35 WARN  unsupported Scala 2.13.8[0m
[0m2022.02.25 12:03:35 WARN  unsupported Scala 2.13.8[0m
[0m2022.02.25 12:03:56 WARN  unsupported Scala 2.13.8[0m
[0m2022.02.25 12:03:56 WARN  unsupported Scala 2.13.8[0m
[0m2022.02.25 12:04:03 WARN  unsupported Scala 2.13.8[0m
[0m2022.02.25 12:04:06 WARN  unsupported Scala 2.13.8[0m
[0m2022.02.25 12:04:11 WARN  unsupported Scala 2.13.8[0m
[0m2022.02.25 12:04:19 WARN  unsupported Scala 2.13.8[0m
[0m2022.02.25 12:04:19 WARN  unsupported Scala 2.13.8[0m
[0m2022.02.25 12:04:21 WARN  unsupported Scala 2.13.8[0m
[0m2022.02.25 12:04:22 WARN  unsupported Scala 2.13.8[0m
[0m2022.02.25 12:04:22 WARN  unsupported Scala 2.13.8[0m
[0m2022.02.25 12:04:24 WARN  unsupported Scala 2.13.8[0m
[0m2022.02.25 12:04:24 WARN  unsupported Scala 2.13.8[0m
[0m2022.02.25 12:04:26 WARN  unsupported Scala 2.13.8[0m
[0m2022.02.25 12:05:05 WARN  unsupported Scala 2.13.8[0m
[0m2022.02.25 12:05:07 WARN  unsupported Scala 2.13.8[0m
[0m2022.02.25 12:05:14 WARN  unsupported Scala 2.13.8[0m
[0m2022.02.25 12:05:58 WARN  unsupported Scala 2.13.8[0m
Feb 25, 2022 12:05:58 PM org.eclipse.lsp4j.jsonrpc.RemoteEndpoint handleCancellation
WARNING: Unmatched cancel notification for request id 598
Feb 25, 2022 12:05:59 PM org.eclipse.lsp4j.jsonrpc.RemoteEndpoint handleCancellation
WARNING: Unmatched cancel notification for request id 599
[0m2022.02.25 12:06:01 WARN  unsupported Scala 2.13.8[0m
[0m2022.02.25 12:07:10 WARN  unsupported Scala 2.13.8[0m
[0m2022.02.25 12:07:12 WARN  unsupported Scala 2.13.8[0m
[0m2022.02.25 12:07:13 WARN  unsupported Scala 2.13.8[0m
[0m2022.02.25 12:07:52 WARN  unsupported Scala 2.13.8[0m
[0m2022.02.25 12:07:57 WARN  unsupported Scala 2.13.8[0m
Feb 25, 2022 12:07:57 PM scala.meta.internal.pc.CompilerAccess handleError
SEVERE: offset 7945, count -8, length 9387
java.lang.StringIndexOutOfBoundsException: offset 7945, count -8, length 9387
	at java.base/java.lang.String.checkBoundsOffCount(String.java:4586)
	at java.base/java.lang.String.rangeCheck(String.java:304)
	at java.base/java.lang.String.<init>(String.java:300)
	at scala.tools.nsc.interactive.Global.typeCompletions$1(Global.scala:1224)
	at scala.tools.nsc.interactive.Global.completionsAt(Global.scala:1262)
	at scala.meta.internal.pc.SignatureHelpProvider.$anonfun$treeSymbol$1(SignatureHelpProvider.scala:375)
	at scala.Option.map(Option.scala:242)
	at scala.meta.internal.pc.SignatureHelpProvider.treeSymbol(SignatureHelpProvider.scala:373)
	at scala.meta.internal.pc.SignatureHelpProvider$MethodCall$.unapply(SignatureHelpProvider.scala:198)
	at scala.meta.internal.pc.SignatureHelpProvider$MethodCallTraverser.visit(SignatureHelpProvider.scala:309)
	at scala.meta.internal.pc.SignatureHelpProvider$MethodCallTraverser.traverse(SignatureHelpProvider.scala:303)
	at scala.meta.internal.pc.SignatureHelpProvider$MethodCallTraverser.fromTree(SignatureHelpProvider.scala:272)
	at scala.meta.internal.pc.SignatureHelpProvider.signatureHelp(SignatureHelpProvider.scala:27)

[0m2022.02.25 12:07:57 WARN  unsupported Scala 2.13.8[0m
Feb 25, 2022 12:07:58 PM org.eclipse.lsp4j.jsonrpc.RemoteEndpoint handleCancellation
WARNING: Unmatched cancel notification for request id 645
Feb 25, 2022 12:07:58 PM org.eclipse.lsp4j.jsonrpc.RemoteEndpoint handleCancellation
WARNING: Unmatched cancel notification for request id 643
Feb 25, 2022 12:07:58 PM org.eclipse.lsp4j.jsonrpc.RemoteEndpoint handleCancellation
WARNING: Unmatched cancel notification for request id 642
[0m2022.02.25 12:08:00 WARN  unsupported Scala 2.13.8[0m
Feb 25, 2022 12:08:01 PM org.eclipse.lsp4j.jsonrpc.RemoteEndpoint handleCancellation
WARNING: Unmatched cancel notification for request id 652
[0m2022.02.25 12:08:02 WARN  unsupported Scala 2.13.8[0m
[0m2022.02.25 12:08:04 WARN  unsupported Scala 2.13.8[0m
[0m2022.02.25 12:08:04 WARN  unsupported Scala 2.13.8[0m
[0m2022.02.25 12:08:08 WARN  unsupported Scala 2.13.8[0m
[0m2022.02.25 12:08:10 WARN  unsupported Scala 2.13.8[0m
[0m2022.02.25 12:08:14 WARN  unsupported Scala 2.13.8[0m
[0m2022.02.25 12:08:22 WARN  unsupported Scala 2.13.8[0m
[0m2022.02.25 12:08:22 WARN  unsupported Scala 2.13.8[0m
[0m2022.02.25 12:08:22 WARN  unsupported Scala 2.13.8[0m
[0m2022.02.25 12:08:22 WARN  unsupported Scala 2.13.8[0m
[0m2022.02.25 12:08:22 WARN  unsupported Scala 2.13.8[0m
[0m2022.02.25 12:08:23 WARN  unsupported Scala 2.13.8[0m
[0m2022.02.25 12:08:23 WARN  unsupported Scala 2.13.8[0m
[0m2022.02.25 12:08:24 WARN  unsupported Scala 2.13.8[0m
[0m2022.02.25 12:08:24 WARN  unsupported Scala 2.13.8[0m
[0m2022.02.25 12:08:26 WARN  unsupported Scala 2.13.8[0m
[0m2022.02.25 12:08:45 WARN  unsupported Scala 2.13.8[0m
[0m2022.02.25 12:08:45 WARN  unsupported Scala 2.13.8[0m
[0m2022.02.25 12:08:47 WARN  unsupported Scala 2.13.8[0m
[0m2022.02.25 12:08:47 WARN  unsupported Scala 2.13.8[0m
[0m2022.02.25 12:08:49 WARN  unsupported Scala 2.13.8[0m
[0m2022.02.25 12:08:51 WARN  unsupported Scala 2.13.8[0m
[0m2022.02.25 12:09:11 WARN  unsupported Scala 2.13.8[0m
[0m2022.02.25 12:09:11 WARN  unsupported Scala 2.13.8[0m
[0m2022.02.25 12:09:13 WARN  unsupported Scala 2.13.8[0m
[0m2022.02.25 12:09:15 WARN  unsupported Scala 2.13.8[0m
[0m2022.02.25 12:09:21 WARN  unsupported Scala 2.13.8[0m
[0m2022.02.25 12:09:21 WARN  unsupported Scala 2.13.8[0m
[0m2022.02.25 12:09:21 WARN  unsupported Scala 2.13.8[0m
[0m2022.02.25 12:09:22 WARN  unsupported Scala 2.13.8[0m
[0m2022.02.25 12:09:34 WARN  unsupported Scala 2.13.8[0m
[0m2022.02.25 12:10:24 WARN  unsupported Scala 2.13.8[0m
[0m2022.02.25 12:10:26 WARN  unsupported Scala 2.13.8[0m
[0m2022.02.25 12:10:26 WARN  unsupported Scala 2.13.8[0m
[0m2022.02.25 12:10:32 WARN  unsupported Scala 2.13.8[0m
Feb 25, 2022 12:10:33 PM org.eclipse.lsp4j.jsonrpc.RemoteEndpoint handleCancellation
WARNING: Unmatched cancel notification for request id 788
Feb 25, 2022 12:10:33 PM org.eclipse.lsp4j.jsonrpc.RemoteEndpoint handleCancellation
WARNING: Unmatched cancel notification for request id 787
[0m2022.02.25 12:10:34 WARN  unsupported Scala 2.13.8[0m
Feb 25, 2022 12:11:39 PM org.eclipse.lsp4j.jsonrpc.RemoteEndpoint handleCancellation
WARNING: Unmatched cancel notification for request id 807
Feb 25, 2022 12:11:39 PM org.eclipse.lsp4j.jsonrpc.RemoteEndpoint handleCancellation
WARNING: Unmatched cancel notification for request id 806
Feb 25, 2022 12:11:39 PM org.eclipse.lsp4j.jsonrpc.RemoteEndpoint handleCancellation
WARNING: Unmatched cancel notification for request id 805
[0m2022.02.25 12:11:42 INFO  compiling root (1 scala source)[0m
[0m2022.02.25 12:11:45 INFO  time: compiled root in 2.36s[0m
[0m2022.02.25 12:13:07 WARN  unsupported Scala 2.13.8[0m
[0m2022.02.25 12:15:32 WARN  unsupported Scala 2.13.8[0m
[0m2022.02.25 12:15:32 WARN  unsupported Scala 2.13.8[0m
Feb 25, 2022 12:15:34 PM org.eclipse.lsp4j.jsonrpc.RemoteEndpoint handleCancellation
WARNING: Unmatched cancel notification for request id 850
[0m2022.02.25 12:15:37 WARN  unsupported Scala 2.13.8[0m
[0m2022.02.25 12:15:37 WARN  unsupported Scala 2.13.8[0m
[0m2022.02.25 12:15:37 WARN  unsupported Scala 2.13.8[0m
[0m2022.02.25 12:15:37 WARN  unsupported Scala 2.13.8[0m
[0m2022.02.25 12:15:37 WARN  unsupported Scala 2.13.8[0m
Feb 25, 2022 12:15:38 PM org.eclipse.lsp4j.jsonrpc.RemoteEndpoint handleCancellation
WARNING: Unmatched cancel notification for request id 861
[0m2022.02.25 12:15:37 WARN  unsupported Scala 2.13.8[0m
[0m2022.02.25 12:15:37 WARN  unsupported Scala 2.13.8[0m
[0m2022.02.25 12:15:37 WARN  unsupported Scala 2.13.8[0m
[0m2022.02.25 12:15:38 WARN  unsupported Scala 2.13.8[0m
[0m2022.02.25 12:15:38 WARN  unsupported Scala 2.13.8[0m
[0m2022.02.25 12:15:56 WARN  unsupported Scala 2.13.8[0m
[0m2022.02.25 12:15:57 WARN  unsupported Scala 2.13.8[0m
[0m2022.02.25 12:16:18 WARN  unsupported Scala 2.13.8[0m
[0m2022.02.25 12:17:14 WARN  unsupported Scala 2.13.8[0m
Feb 25, 2022 12:17:14 PM org.eclipse.lsp4j.jsonrpc.RemoteEndpoint handleCancellation
WARNING: Unmatched cancel notification for request id 887
[0m2022.02.25 12:17:14 WARN  unsupported Scala 2.13.8[0m
[0m2022.02.25 12:17:17 WARN  unsupported Scala 2.13.8[0m
[0m2022.02.25 12:17:17 WARN  unsupported Scala 2.13.8[0m
[0m2022.02.25 12:17:19 WARN  unsupported Scala 2.13.8[0m
[0m2022.02.25 12:17:19 WARN  unsupported Scala 2.13.8[0m
[0m2022.02.25 12:17:21 WARN  unsupported Scala 2.13.8[0m
[0m2022.02.25 12:17:21 WARN  unsupported Scala 2.13.8[0m
[0m2022.02.25 12:17:23 WARN  unsupported Scala 2.13.8[0m
[0m2022.02.25 12:17:23 WARN  unsupported Scala 2.13.8[0m
[0m2022.02.25 12:17:23 WARN  unsupported Scala 2.13.8[0m
[0m2022.02.25 12:17:23 WARN  unsupported Scala 2.13.8[0m
[0m2022.02.25 12:17:24 WARN  unsupported Scala 2.13.8[0m
[0m2022.02.25 12:17:25 WARN  unsupported Scala 2.13.8[0m
[0m2022.02.25 12:17:25 WARN  unsupported Scala 2.13.8[0m
[0m2022.02.25 12:17:25 WARN  unsupported Scala 2.13.8[0m
[0m2022.02.25 12:17:27 WARN  unsupported Scala 2.13.8[0m
[0m2022.02.25 12:17:27 WARN  unsupported Scala 2.13.8[0m
[0m2022.02.25 12:17:27 WARN  unsupported Scala 2.13.8[0m
[0m2022.02.25 12:17:27 WARN  unsupported Scala 2.13.8[0m
[0m2022.02.25 12:17:28 WARN  unsupported Scala 2.13.8[0m
[0m2022.02.25 12:17:28 WARN  unsupported Scala 2.13.8[0m
[0m2022.02.25 12:17:28 WARN  unsupported Scala 2.13.8[0m
[0m2022.02.25 12:17:28 WARN  unsupported Scala 2.13.8[0m
[0m2022.02.25 12:17:29 WARN  unsupported Scala 2.13.8[0m
[0m2022.02.25 12:17:30 WARN  unsupported Scala 2.13.8[0m
[0m2022.02.25 12:17:30 WARN  unsupported Scala 2.13.8[0m
[0m2022.02.25 12:17:30 WARN  unsupported Scala 2.13.8[0m
[0m2022.02.25 12:17:32 WARN  unsupported Scala 2.13.8[0m
[0m2022.02.25 12:17:32 WARN  unsupported Scala 2.13.8[0m
[0m2022.02.25 12:17:37 WARN  unsupported Scala 2.13.8[0m
[0m2022.02.25 12:17:38 WARN  unsupported Scala 2.13.8[0m
[0m2022.02.25 12:17:41 INFO  compiling root (1 scala source)[0m
[0m2022.02.25 12:17:42 INFO  time: compiled root in 1.34s[0m
[0m2022.02.25 12:17:43 WARN  unsupported Scala 2.13.8[0m
[0m2022.02.25 12:17:53 WARN  unsupported Scala 2.13.8[0m
[0m2022.02.25 12:18:10 WARN  unsupported Scala 2.13.8[0m
[0m2022.02.25 12:18:12 WARN  unsupported Scala 2.13.8[0m
[0m2022.02.25 12:18:12 WARN  unsupported Scala 2.13.8[0m
[0m2022.02.25 12:18:12 WARN  unsupported Scala 2.13.8[0m
[0m2022.02.25 12:18:12 WARN  unsupported Scala 2.13.8[0m
[0m2022.02.25 12:18:12 WARN  unsupported Scala 2.13.8[0m
[0m2022.02.25 12:18:12 WARN  unsupported Scala 2.13.8[0m
[0m2022.02.25 12:18:13 WARN  unsupported Scala 2.13.8[0m
[0m2022.02.25 12:18:16 WARN  unsupported Scala 2.13.8[0m
[0m2022.02.25 12:18:17 INFO  compiling root (1 scala source)[0m
[0m2022.02.25 12:18:18 INFO  time: compiled root in 1.21s[0m
[0m2022.02.25 12:18:21 WARN  unsupported Scala 2.13.8[0m
[0m2022.02.25 12:18:31 WARN  unsupported Scala 2.13.8[0m
[0m2022.02.25 12:18:31 WARN  unsupported Scala 2.13.8[0m
[0m2022.02.25 12:18:33 WARN  unsupported Scala 2.13.8[0m
[0m2022.02.25 12:18:33 WARN  unsupported Scala 2.13.8[0m
[0m2022.02.25 12:18:33 WARN  unsupported Scala 2.13.8[0m
[0m2022.02.25 12:18:33 WARN  unsupported Scala 2.13.8[0m
[0m2022.02.25 12:18:33 WARN  unsupported Scala 2.13.8[0m
[0m2022.02.25 12:18:33 WARN  unsupported Scala 2.13.8[0m
[0m2022.02.25 12:18:34 WARN  unsupported Scala 2.13.8[0m
[0m2022.02.25 12:18:34 WARN  unsupported Scala 2.13.8[0m
[0m2022.02.25 12:18:34 WARN  unsupported Scala 2.13.8[0m
[0m2022.02.25 12:18:34 WARN  unsupported Scala 2.13.8[0m
[0m2022.02.25 12:18:35 WARN  unsupported Scala 2.13.8[0m
[0m2022.02.25 12:18:35 WARN  unsupported Scala 2.13.8[0m
[0m2022.02.25 12:18:35 WARN  unsupported Scala 2.13.8[0m
[0m2022.02.25 12:18:35 WARN  unsupported Scala 2.13.8[0m
[0m2022.02.25 12:18:35 WARN  unsupported Scala 2.13.8[0m
[0m2022.02.25 12:18:36 WARN  unsupported Scala 2.13.8[0m
[0m2022.02.25 12:18:36 WARN  unsupported Scala 2.13.8[0m
[0m2022.02.25 12:18:36 WARN  unsupported Scala 2.13.8[0m
[0m2022.02.25 12:18:37 WARN  unsupported Scala 2.13.8[0m
[0m2022.02.25 12:18:39 WARN  unsupported Scala 2.13.8[0m
[0m2022.02.25 12:18:39 WARN  unsupported Scala 2.13.8[0m
[0m2022.02.25 12:18:39 WARN  unsupported Scala 2.13.8[0m
[0m2022.02.25 12:18:42 WARN  unsupported Scala 2.13.8[0m
[0m2022.02.25 12:18:42 WARN  unsupported Scala 2.13.8[0m
[0m2022.02.25 12:18:42 WARN  unsupported Scala 2.13.8[0m
[0m2022.02.25 12:18:42 WARN  unsupported Scala 2.13.8[0m
Exception in thread "pool-5-thread-1" java.lang.InterruptedException
	at scala.meta.internal.metals.FutureCancelToken.checkCanceled(FutureCancelToken.scala:29)
	at scala.meta.internal.pc.CompilerAccess.$anonfun$onCompilerJobQueue$1(CompilerAccess.scala:195)
	at scala.meta.internal.pc.CompilerJobQueue$Job.run(CompilerJobQueue.scala:139)
	at java.base/java.util.concurrent.ThreadPoolExecutor.runWorker(ThreadPoolExecutor.java:1136)
	at java.base/java.util.concurrent.ThreadPoolExecutor$Worker.run(ThreadPoolExecutor.java:635)
	at java.base/java.lang.Thread.run(Thread.java:833)
[0m2022.02.25 12:18:42 WARN  unsupported Scala 2.13.8[0m
[0m2022.02.25 12:18:42 WARN  unsupported Scala 2.13.8[0m
[0m2022.02.25 12:18:42 WARN  unsupported Scala 2.13.8[0m
[0m2022.02.25 12:18:42 WARN  unsupported Scala 2.13.8[0m
[0m2022.02.25 12:18:45 WARN  unsupported Scala 2.13.8[0m
[0m2022.02.25 12:18:46 WARN  unsupported Scala 2.13.8[0m
[0m2022.02.25 12:18:46 WARN  unsupported Scala 2.13.8[0m
[0m2022.02.25 12:18:46 WARN  unsupported Scala 2.13.8[0m
[0m2022.02.25 12:18:46 WARN  unsupported Scala 2.13.8[0m
Exception in thread "pool-5-thread-2" java.lang.InterruptedException
	at scala.meta.internal.metals.FutureCancelToken.checkCanceled(FutureCancelToken.scala:29)
	at scala.meta.internal.pc.CompilerAccess.$anonfun$onCompilerJobQueue$1(CompilerAccess.scala:195)
	at scala.meta.internal.pc.CompilerJobQueue$Job.run(CompilerJobQueue.scala:139)
	at java.base/java.util.concurrent.ThreadPoolExecutor.runWorker(ThreadPoolExecutor.java:1136)
	at java.base/java.util.concurrent.ThreadPoolExecutor$Worker.run(ThreadPoolExecutor.java:635)
	at java.base/java.lang.Thread.run(Thread.java:833)
Exception in thread "pool-5-thread-3" java.lang.InterruptedException
	at scala.meta.internal.metals.FutureCancelToken.checkCanceled(FutureCancelToken.scala:29)
	at scala.meta.internal.pc.CompilerAccess.$anonfun$onCompilerJobQueue$1(CompilerAccess.scala:195)
	at scala.meta.internal.pc.CompilerJobQueue$Job.run(CompilerJobQueue.scala:139)
	at java.base/java.util.concurrent.ThreadPoolExecutor.runWorker(ThreadPoolExecutor.java:1136)
	at java.base/java.util.concurrent.ThreadPoolExecutor$Worker.run(ThreadPoolExecutor.java:635)
	at java.base/java.lang.Thread.run(Thread.java:833)
[0m2022.02.25 12:18:46 WARN  unsupported Scala 2.13.8[0m
[0m2022.02.25 12:18:48 INFO  compiling root (1 scala source)[0m
[0m2022.02.25 12:18:48 INFO  time: compiled root in 0.94s[0m
[0m2022.02.25 12:18:50 WARN  unsupported Scala 2.13.8[0m
[0m2022.02.25 12:18:53 WARN  unsupported Scala 2.13.8[0m
[0m2022.02.25 12:18:54 WARN  unsupported Scala 2.13.8[0m
[0m2022.02.25 12:18:58 WARN  unsupported Scala 2.13.8[0m
[0m2022.02.25 12:18:59 WARN  unsupported Scala 2.13.8[0m
[0m2022.02.25 12:19:02 WARN  unsupported Scala 2.13.8[0m
[0m2022.02.25 12:19:02 WARN  unsupported Scala 2.13.8[0m
[0m2022.02.25 12:19:04 WARN  unsupported Scala 2.13.8[0m
[0m2022.02.25 12:19:05 INFO  compiling root (1 scala source)[0m
[0m2022.02.25 12:19:05 INFO  time: compiled root in 0.88s[0m
[0m2022.02.25 12:19:09 WARN  unsupported Scala 2.13.8[0m
Feb 25, 2022 12:19:09 PM org.eclipse.lsp4j.jsonrpc.RemoteEndpoint handleCancellation
WARNING: Unmatched cancel notification for request id 1108
[0m2022.02.25 12:19:10 INFO  compiling root (1 scala source)[0m
[0m2022.02.25 12:19:11 INFO  time: compiled root in 1.52s[0m
[0m2022.02.25 12:19:11 WARN  unsupported Scala 2.13.8[0m
[0m2022.02.25 12:19:13 WARN  unsupported Scala 2.13.8[0m
[0m2022.02.25 12:19:17 WARN  unsupported Scala 2.13.8[0m
[0m2022.02.25 12:19:19 INFO  compiling root (1 scala source)[0m
[0m2022.02.25 12:19:19 INFO  time: compiled root in 0.79s[0m
[0m2022.02.25 12:19:24 INFO  compiling root (1 scala source)[0m
[0m2022.02.25 12:19:24 INFO  time: compiled root in 0.82s[0m
[0m2022.02.25 12:19:31 WARN  unsupported Scala 2.13.8[0m
[0m2022.02.25 12:19:31 WARN  unsupported Scala 2.13.8[0m
[0m2022.02.25 12:19:33 WARN  unsupported Scala 2.13.8[0m
[0m2022.02.25 12:19:37 WARN  unsupported Scala 2.13.8[0m
[0m2022.02.25 12:19:38 WARN  unsupported Scala 2.13.8[0m
[0m2022.02.25 12:19:38 WARN  unsupported Scala 2.13.8[0m
[0m2022.02.25 12:19:38 WARN  unsupported Scala 2.13.8[0m
[0m2022.02.25 12:19:38 WARN  unsupported Scala 2.13.8[0m
[0m2022.02.25 12:19:38 WARN  unsupported Scala 2.13.8[0m
[0m2022.02.25 12:19:38 WARN  unsupported Scala 2.13.8[0m
[0m2022.02.25 12:19:38 WARN  unsupported Scala 2.13.8[0m
[0m2022.02.25 12:19:38 WARN  unsupported Scala 2.13.8[0m
[0m2022.02.25 12:19:40 WARN  unsupported Scala 2.13.8[0m
[0m2022.02.25 12:19:41 WARN  unsupported Scala 2.13.8[0m
[0m2022.02.25 12:19:44 WARN  unsupported Scala 2.13.8[0m
[0m2022.02.25 12:19:44 WARN  unsupported Scala 2.13.8[0m
[0m2022.02.25 12:19:44 WARN  unsupported Scala 2.13.8[0m
[0m2022.02.25 12:19:44 WARN  unsupported Scala 2.13.8[0m
[0m2022.02.25 12:19:44 WARN  unsupported Scala 2.13.8[0m
[0m2022.02.25 12:19:45 WARN  unsupported Scala 2.13.8[0m
[0m2022.02.25 12:19:46 INFO  compiling root (1 scala source)[0m
[0m2022.02.25 12:19:46 INFO  time: compiled root in 0.75s[0m
[0m2022.02.25 12:19:50 WARN  unsupported Scala 2.13.8[0m
[0m2022.02.25 12:19:52 WARN  unsupported Scala 2.13.8[0m
[0m2022.02.25 12:19:54 WARN  unsupported Scala 2.13.8[0m
[0m2022.02.25 12:19:54 WARN  unsupported Scala 2.13.8[0m
[0m2022.02.25 12:19:54 WARN  unsupported Scala 2.13.8[0m
[0m2022.02.25 12:19:54 WARN  unsupported Scala 2.13.8[0m
[0m2022.02.25 12:19:55 WARN  unsupported Scala 2.13.8[0m
[0m2022.02.25 12:19:55 WARN  unsupported Scala 2.13.8[0m
[0m2022.02.25 12:19:55 WARN  unsupported Scala 2.13.8[0m
[0m2022.02.25 12:19:55 WARN  unsupported Scala 2.13.8[0m
[0m2022.02.25 12:19:55 WARN  unsupported Scala 2.13.8[0m
[0m2022.02.25 12:19:55 WARN  unsupported Scala 2.13.8[0m
[0m2022.02.25 12:19:57 WARN  unsupported Scala 2.13.8[0m
[0m2022.02.25 12:19:57 WARN  unsupported Scala 2.13.8[0m
[0m2022.02.25 12:19:57 WARN  unsupported Scala 2.13.8[0m
[0m2022.02.25 12:19:58 WARN  unsupported Scala 2.13.8[0m
[0m2022.02.25 12:19:58 WARN  unsupported Scala 2.13.8[0m
[0m2022.02.25 12:19:58 WARN  unsupported Scala 2.13.8[0m
[0m2022.02.25 12:19:58 WARN  unsupported Scala 2.13.8[0m
[0m2022.02.25 12:19:58 WARN  unsupported Scala 2.13.8[0m
[0m2022.02.25 12:19:59 WARN  unsupported Scala 2.13.8[0m
[0m2022.02.25 12:19:59 WARN  unsupported Scala 2.13.8[0m
[0m2022.02.25 12:19:59 WARN  unsupported Scala 2.13.8[0m
[0m2022.02.25 12:20:00 WARN  unsupported Scala 2.13.8[0m
[0m2022.02.25 12:20:00 WARN  unsupported Scala 2.13.8[0m
[0m2022.02.25 12:20:00 WARN  unsupported Scala 2.13.8[0m
[0m2022.02.25 12:20:00 WARN  unsupported Scala 2.13.8[0m
[0m2022.02.25 12:20:00 WARN  unsupported Scala 2.13.8[0m
[0m2022.02.25 12:20:02 WARN  unsupported Scala 2.13.8[0m
[0m2022.02.25 12:20:02 WARN  unsupported Scala 2.13.8[0m
[0m2022.02.25 12:20:05 WARN  unsupported Scala 2.13.8[0m
[0m2022.02.25 12:20:08 INFO  compiling root (1 scala source)[0m
[0m2022.02.25 12:20:09 INFO  time: compiled root in 1.52s[0m
[0m2022.02.25 12:20:42 WARN  unsupported Scala 2.13.8[0m
Feb 25, 2022 2:04:30 PM org.eclipse.lsp4j.jsonrpc.RemoteEndpoint handleCancellation
WARNING: Unmatched cancel notification for request id 1327
[0m2022.02.25 14:04:58 WARN  unsupported Scala 2.13.8[0m
[0m2022.02.25 14:04:59 WARN  unsupported Scala 2.13.8[0m
Feb 25, 2022 2:04:59 PM org.eclipse.lsp4j.jsonrpc.RemoteEndpoint handleCancellation
WARNING: Unmatched cancel notification for request id 1338
[0m2022.02.25 14:04:59 WARN  unsupported Scala 2.13.8[0m
[0m2022.02.25 14:04:59 WARN  unsupported Scala 2.13.8[0m
[0m2022.02.25 14:04:59 WARN  unsupported Scala 2.13.8[0m
Exception in thread "pool-5-thread-4" java.lang.InterruptedException
	at scala.meta.internal.metals.FutureCancelToken.checkCanceled(FutureCancelToken.scala:29)
	at scala.meta.internal.pc.CompilerAccess.$anonfun$onCompilerJobQueue$1(CompilerAccess.scala:195)
	at scala.meta.internal.pc.CompilerJobQueue$Job.run(CompilerJobQueue.scala:139)
	at java.base/java.util.concurrent.ThreadPoolExecutor.runWorker(ThreadPoolExecutor.java:1136)
	at java.base/java.util.concurrent.ThreadPoolExecutor$Worker.run(ThreadPoolExecutor.java:635)
	at java.base/java.lang.Thread.run(Thread.java:833)
[0m2022.02.25 14:04:59 WARN  unsupported Scala 2.13.8[0m
[0m2022.02.25 14:04:59 WARN  unsupported Scala 2.13.8[0m
[0m2022.02.25 14:04:59 WARN  unsupported Scala 2.13.8[0m
[0m2022.02.25 14:04:59 WARN  unsupported Scala 2.13.8[0m
[0m2022.02.25 14:04:59 WARN  unsupported Scala 2.13.8[0m
Feb 25, 2022 2:05:00 PM org.eclipse.lsp4j.jsonrpc.RemoteEndpoint handleCancellation
WARNING: Unmatched cancel notification for request id 1346
[0m2022.02.25 14:04:59 WARN  unsupported Scala 2.13.8[0m
[0m2022.02.25 14:04:59 WARN  unsupported Scala 2.13.8[0m
[0m2022.02.25 14:04:59 WARN  unsupported Scala 2.13.8[0m
[0m2022.02.25 14:04:59 WARN  unsupported Scala 2.13.8[0m
[0m2022.02.25 14:04:59 WARN  unsupported Scala 2.13.8[0m
[0m2022.02.25 14:04:59 WARN  unsupported Scala 2.13.8[0m
[0m2022.02.25 14:04:59 WARN  unsupported Scala 2.13.8[0m
[0m2022.02.25 14:05:01 WARN  unsupported Scala 2.13.8[0m
[0m2022.02.25 14:05:08 WARN  unsupported Scala 2.13.8[0m
[0m2022.02.25 14:05:11 WARN  unsupported Scala 2.13.8[0m
[0m2022.02.25 14:05:11 WARN  unsupported Scala 2.13.8[0m
[0m2022.02.25 14:05:11 WARN  unsupported Scala 2.13.8[0m
[0m2022.02.25 14:05:12 WARN  unsupported Scala 2.13.8[0m
Feb 25, 2022 2:05:12 PM org.eclipse.lsp4j.jsonrpc.RemoteEndpoint handleCancellation
WARNING: Unmatched cancel notification for request id 1372
[0m2022.02.25 14:05:12 WARN  unsupported Scala 2.13.8[0m
[0m2022.02.25 14:05:12 WARN  unsupported Scala 2.13.8[0m
[0m2022.02.25 14:05:12 WARN  unsupported Scala 2.13.8[0m
[0m2022.02.25 14:05:12 WARN  unsupported Scala 2.13.8[0m
[0m2022.02.25 14:05:13 WARN  unsupported Scala 2.13.8[0m
[0m2022.02.25 14:05:13 WARN  unsupported Scala 2.13.8[0m
[0m2022.02.25 14:05:13 WARN  unsupported Scala 2.13.8[0m
[0m2022.02.25 14:05:14 WARN  unsupported Scala 2.13.8[0m
[0m2022.02.25 14:05:14 WARN  unsupported Scala 2.13.8[0m
[0m2022.02.25 14:05:14 WARN  unsupported Scala 2.13.8[0m
[0m2022.02.25 14:05:17 WARN  unsupported Scala 2.13.8[0m
[0m2022.02.25 14:05:46 WARN  unsupported Scala 2.13.8[0m
Feb 25, 2022 2:05:46 PM org.eclipse.lsp4j.jsonrpc.RemoteEndpoint handleCancellation
WARNING: Unmatched cancel notification for request id 1391
[0m2022.02.25 14:05:46 WARN  unsupported Scala 2.13.8[0m
Feb 25, 2022 2:05:46 PM org.eclipse.lsp4j.jsonrpc.RemoteEndpoint handleCancellation
WARNING: Unmatched cancel notification for request id 1392
[0m2022.02.25 14:05:46 WARN  unsupported Scala 2.13.8[0m
Feb 25, 2022 2:05:47 PM org.eclipse.lsp4j.jsonrpc.RemoteEndpoint handleCancellation
WARNING: Unmatched cancel notification for request id 1393
[0m2022.02.25 14:05:46 WARN  unsupported Scala 2.13.8[0m
Feb 25, 2022 2:05:47 PM org.eclipse.lsp4j.jsonrpc.RemoteEndpoint handleCancellation
WARNING: Unmatched cancel notification for request id 1394
[0m2022.02.25 14:05:46 WARN  unsupported Scala 2.13.8[0m
Feb 25, 2022 2:05:47 PM org.eclipse.lsp4j.jsonrpc.RemoteEndpoint handleCancellation
WARNING: Unmatched cancel notification for request id 1395
[0m2022.02.25 14:05:46 WARN  unsupported Scala 2.13.8[0m
Feb 25, 2022 2:05:47 PM org.eclipse.lsp4j.jsonrpc.RemoteEndpoint handleCancellation
WARNING: Unmatched cancel notification for request id 1396
[0m2022.02.25 14:05:46 WARN  unsupported Scala 2.13.8[0m
Feb 25, 2022 2:05:47 PM org.eclipse.lsp4j.jsonrpc.RemoteEndpoint handleCancellation
WARNING: Unmatched cancel notification for request id 1397
[0m2022.02.25 14:05:46 WARN  unsupported Scala 2.13.8[0m
Feb 25, 2022 2:05:47 PM org.eclipse.lsp4j.jsonrpc.RemoteEndpoint handleCancellation
WARNING: Unmatched cancel notification for request id 1398
[0m2022.02.25 14:05:46 WARN  unsupported Scala 2.13.8[0m
Feb 25, 2022 2:05:47 PM org.eclipse.lsp4j.jsonrpc.RemoteEndpoint handleCancellation
WARNING: Unmatched cancel notification for request id 1399
[0m2022.02.25 14:05:46 WARN  unsupported Scala 2.13.8[0m
Feb 25, 2022 2:05:47 PM org.eclipse.lsp4j.jsonrpc.RemoteEndpoint handleCancellation
WARNING: Unmatched cancel notification for request id 1400
[0m2022.02.25 14:05:46 WARN  unsupported Scala 2.13.8[0m
Feb 25, 2022 2:05:47 PM org.eclipse.lsp4j.jsonrpc.RemoteEndpoint handleCancellation
WARNING: Unmatched cancel notification for request id 1401
[0m2022.02.25 14:05:46 WARN  unsupported Scala 2.13.8[0m
Feb 25, 2022 2:05:47 PM org.eclipse.lsp4j.jsonrpc.RemoteEndpoint handleCancellation
WARNING: Unmatched cancel notification for request id 1402
[0m2022.02.25 14:05:46 WARN  unsupported Scala 2.13.8[0m
Feb 25, 2022 2:05:47 PM org.eclipse.lsp4j.jsonrpc.RemoteEndpoint handleCancellation
WARNING: Unmatched cancel notification for request id 1403
[0m2022.02.25 14:05:46 WARN  unsupported Scala 2.13.8[0m
Feb 25, 2022 2:05:47 PM org.eclipse.lsp4j.jsonrpc.RemoteEndpoint handleCancellation
WARNING: Unmatched cancel notification for request id 1404
[0m2022.02.25 14:05:46 WARN  unsupported Scala 2.13.8[0m
[0m2022.02.25 14:05:46 WARN  unsupported Scala 2.13.8[0m
Feb 25, 2022 2:05:47 PM org.eclipse.lsp4j.jsonrpc.RemoteEndpoint handleCancellation
WARNING: Unmatched cancel notification for request id 1406
[0m2022.02.25 14:05:46 WARN  unsupported Scala 2.13.8[0m
Feb 25, 2022 2:05:47 PM org.eclipse.lsp4j.jsonrpc.RemoteEndpoint handleCancellation
WARNING: Unmatched cancel notification for request id 1407
[0m2022.02.25 14:05:46 WARN  unsupported Scala 2.13.8[0m
Feb 25, 2022 2:05:47 PM org.eclipse.lsp4j.jsonrpc.RemoteEndpoint handleCancellation
WARNING: Unmatched cancel notification for request id 1408
[0m2022.02.25 14:05:46 WARN  unsupported Scala 2.13.8[0m
Feb 25, 2022 2:05:47 PM org.eclipse.lsp4j.jsonrpc.RemoteEndpoint handleCancellation
WARNING: Unmatched cancel notification for request id 1409
[0m2022.02.25 14:05:46 WARN  unsupported Scala 2.13.8[0m
Feb 25, 2022 2:05:47 PM org.eclipse.lsp4j.jsonrpc.RemoteEndpoint handleCancellation
WARNING: Unmatched cancel notification for request id 1410
[0m2022.02.25 14:05:46 WARN  unsupported Scala 2.13.8[0m
Feb 25, 2022 2:05:47 PM org.eclipse.lsp4j.jsonrpc.RemoteEndpoint handleCancellation
WARNING: Unmatched cancel notification for request id 1411
[0m2022.02.25 14:05:46 WARN  unsupported Scala 2.13.8[0m
[0m2022.02.25 14:05:48 WARN  unsupported Scala 2.13.8[0m
[0m2022.02.25 14:05:48 WARN  unsupported Scala 2.13.8[0m
[0m2022.02.25 14:05:48 WARN  unsupported Scala 2.13.8[0m
Feb 25, 2022 2:05:48 PM org.eclipse.lsp4j.jsonrpc.RemoteEndpoint handleCancellation
WARNING: Unmatched cancel notification for request id 1415
[0m2022.02.25 14:05:48 WARN  unsupported Scala 2.13.8[0m
Feb 25, 2022 2:05:48 PM org.eclipse.lsp4j.jsonrpc.RemoteEndpoint handleCancellation
WARNING: Unmatched cancel notification for request id 1416
[0m2022.02.25 14:05:48 WARN  unsupported Scala 2.13.8[0m
Feb 25, 2022 2:05:48 PM org.eclipse.lsp4j.jsonrpc.RemoteEndpoint handleCancellation
WARNING: Unmatched cancel notification for request id 1417
[0m2022.02.25 14:05:48 WARN  unsupported Scala 2.13.8[0m
[0m2022.02.25 14:05:48 WARN  unsupported Scala 2.13.8[0m
Feb 25, 2022 2:05:48 PM org.eclipse.lsp4j.jsonrpc.RemoteEndpoint handleCancellation
WARNING: Unmatched cancel notification for request id 1419
[0m2022.02.25 14:05:48 WARN  unsupported Scala 2.13.8[0m
Feb 25, 2022 2:05:48 PM org.eclipse.lsp4j.jsonrpc.RemoteEndpoint handleCancellation
WARNING: Unmatched cancel notification for request id 1420
[0m2022.02.25 14:05:48 WARN  unsupported Scala 2.13.8[0m
[0m2022.02.25 14:07:01 WARN  unsupported Scala 2.13.8[0m
Feb 25, 2022 2:07:01 PM org.eclipse.lsp4j.jsonrpc.RemoteEndpoint handleCancellation
WARNING: Unmatched cancel notification for request id 1449
Feb 25, 2022 2:07:01 PM org.eclipse.lsp4j.jsonrpc.RemoteEndpoint handleCancellation
WARNING: Unmatched cancel notification for request id 1450
[0m2022.02.25 14:07:03 WARN  unsupported Scala 2.13.8[0m
[0m2022.02.25 14:07:16 WARN  unsupported Scala 2.13.8[0m
[0m2022.02.25 14:07:17 WARN  unsupported Scala 2.13.8[0m
[0m2022.02.25 14:07:29 WARN  unsupported Scala 2.13.8[0m
[0m2022.02.25 14:07:31 WARN  unsupported Scala 2.13.8[0m
[0m2022.02.25 14:07:36 WARN  unsupported Scala 2.13.8[0m
[0m2022.02.25 14:07:36 WARN  unsupported Scala 2.13.8[0m
Feb 25, 2022 2:07:36 PM org.eclipse.lsp4j.jsonrpc.RemoteEndpoint handleCancellation
WARNING: Unmatched cancel notification for request id 1494
[0m2022.02.25 14:07:36 WARN  unsupported Scala 2.13.8[0m
[0m2022.02.25 14:07:36 WARN  unsupported Scala 2.13.8[0m
[0m2022.02.25 14:07:37 WARN  unsupported Scala 2.13.8[0m
[0m2022.02.25 14:07:37 WARN  unsupported Scala 2.13.8[0m
[0m2022.02.25 14:07:37 WARN  unsupported Scala 2.13.8[0m
[0m2022.02.25 14:07:38 WARN  unsupported Scala 2.13.8[0m
[0m2022.02.25 14:07:38 WARN  unsupported Scala 2.13.8[0m
[0m2022.02.25 14:07:39 WARN  unsupported Scala 2.13.8[0m
[0m2022.02.25 14:07:39 WARN  unsupported Scala 2.13.8[0m
[0m2022.02.25 14:07:39 WARN  unsupported Scala 2.13.8[0m
[0m2022.02.25 14:07:39 WARN  unsupported Scala 2.13.8[0m
[0m2022.02.25 14:07:39 WARN  unsupported Scala 2.13.8[0m
[0m2022.02.25 14:07:42 WARN  unsupported Scala 2.13.8[0m
[0m2022.02.25 14:07:51 WARN  unsupported Scala 2.13.8[0m
[0m2022.02.25 14:07:51 WARN  unsupported Scala 2.13.8[0m
[0m2022.02.25 14:07:51 WARN  unsupported Scala 2.13.8[0m
[0m2022.02.25 14:07:51 WARN  unsupported Scala 2.13.8[0m
[0m2022.02.25 14:07:51 WARN  unsupported Scala 2.13.8[0m
[0m2022.02.25 14:07:51 WARN  unsupported Scala 2.13.8[0m
[0m2022.02.25 14:07:54 WARN  unsupported Scala 2.13.8[0m
[0m2022.02.25 14:07:54 WARN  unsupported Scala 2.13.8[0m
[0m2022.02.25 14:07:56 WARN  unsupported Scala 2.13.8[0m
[0m2022.02.25 14:08:01 WARN  unsupported Scala 2.13.8[0m
[0m2022.02.25 14:08:01 WARN  unsupported Scala 2.13.8[0m
[0m2022.02.25 14:08:03 WARN  unsupported Scala 2.13.8[0m
[0m2022.02.25 14:08:03 WARN  unsupported Scala 2.13.8[0m
[0m2022.02.25 14:08:04 WARN  unsupported Scala 2.13.8[0m
[0m2022.02.25 14:08:05 WARN  unsupported Scala 2.13.8[0m
[0m2022.02.25 14:08:06 WARN  unsupported Scala 2.13.8[0m
[0m2022.02.25 14:08:06 WARN  unsupported Scala 2.13.8[0m
[0m2022.02.25 14:08:06 WARN  unsupported Scala 2.13.8[0m
[0m2022.02.25 14:08:06 WARN  unsupported Scala 2.13.8[0m
[0m2022.02.25 14:08:08 WARN  unsupported Scala 2.13.8[0m
[0m2022.02.25 14:08:09 WARN  unsupported Scala 2.13.8[0m
[0m2022.02.25 14:08:09 WARN  unsupported Scala 2.13.8[0m
[0m2022.02.25 14:08:09 WARN  unsupported Scala 2.13.8[0m
[0m2022.02.25 14:08:09 WARN  unsupported Scala 2.13.8[0m
[0m2022.02.25 14:08:10 WARN  unsupported Scala 2.13.8[0m
[0m2022.02.25 14:08:10 WARN  unsupported Scala 2.13.8[0m
[0m2022.02.25 14:08:10 WARN  unsupported Scala 2.13.8[0m
[0m2022.02.25 14:08:12 WARN  unsupported Scala 2.13.8[0m
[0m2022.02.25 14:08:12 WARN  unsupported Scala 2.13.8[0m
[0m2022.02.25 14:08:12 WARN  unsupported Scala 2.13.8[0m
[0m2022.02.25 14:08:12 WARN  unsupported Scala 2.13.8[0m
[0m2022.02.25 14:08:12 WARN  unsupported Scala 2.13.8[0m
[0m2022.02.25 14:08:13 WARN  unsupported Scala 2.13.8[0m
[0m2022.02.25 14:08:13 WARN  unsupported Scala 2.13.8[0m
Feb 25, 2022 2:08:13 PM org.eclipse.lsp4j.jsonrpc.RemoteEndpoint handleCancellation
WARNING: Unmatched cancel notification for request id 1575
[0m2022.02.25 14:08:13 WARN  unsupported Scala 2.13.8[0m
[0m2022.02.25 14:08:13 WARN  unsupported Scala 2.13.8[0m
[0m2022.02.25 14:08:13 WARN  unsupported Scala 2.13.8[0m
[0m2022.02.25 14:08:14 WARN  unsupported Scala 2.13.8[0m
[0m2022.02.25 14:08:19 WARN  unsupported Scala 2.13.8[0m
[0m2022.02.25 14:09:04 WARN  unsupported Scala 2.13.8[0m
[0m2022.02.25 14:09:11 WARN  unsupported Scala 2.13.8[0m
[0m2022.02.25 14:09:11 WARN  unsupported Scala 2.13.8[0m
[0m2022.02.25 14:09:16 WARN  unsupported Scala 2.13.8[0m
[0m2022.02.25 14:09:16 WARN  unsupported Scala 2.13.8[0m
[0m2022.02.25 14:09:16 WARN  unsupported Scala 2.13.8[0m
[0m2022.02.25 14:09:16 WARN  unsupported Scala 2.13.8[0m
[0m2022.02.25 14:09:17 WARN  unsupported Scala 2.13.8[0m
[0m2022.02.25 14:09:17 WARN  unsupported Scala 2.13.8[0m
[0m2022.02.25 14:09:17 WARN  unsupported Scala 2.13.8[0m
[0m2022.02.25 14:09:17 WARN  unsupported Scala 2.13.8[0m
[0m2022.02.25 14:09:17 WARN  unsupported Scala 2.13.8[0m
[0m2022.02.25 14:09:17 WARN  unsupported Scala 2.13.8[0m
[0m2022.02.25 14:09:17 WARN  unsupported Scala 2.13.8[0m
Feb 25, 2022 2:09:17 PM org.eclipse.lsp4j.jsonrpc.RemoteEndpoint handleCancellation
WARNING: Unmatched cancel notification for request id 1612
[0m2022.02.25 14:09:17 WARN  unsupported Scala 2.13.8[0m
[0m2022.02.25 14:09:18 WARN  unsupported Scala 2.13.8[0m
[0m2022.02.25 14:09:18 WARN  unsupported Scala 2.13.8[0m
[0m2022.02.25 14:09:18 WARN  unsupported Scala 2.13.8[0m
[0m2022.02.25 14:09:18 WARN  unsupported Scala 2.13.8[0m
[0m2022.02.25 14:09:19 WARN  unsupported Scala 2.13.8[0m
[0m2022.02.25 14:09:19 WARN  unsupported Scala 2.13.8[0m
[0m2022.02.25 14:09:19 WARN  unsupported Scala 2.13.8[0m
[0m2022.02.25 14:09:19 WARN  unsupported Scala 2.13.8[0m
[0m2022.02.25 14:09:21 WARN  unsupported Scala 2.13.8[0m
[0m2022.02.25 14:09:22 WARN  unsupported Scala 2.13.8[0m
[0m2022.02.25 14:09:22 WARN  unsupported Scala 2.13.8[0m
[0m2022.02.25 14:09:22 WARN  unsupported Scala 2.13.8[0m
[0m2022.02.25 14:09:36 WARN  unsupported Scala 2.13.8[0m
[0m2022.02.25 14:09:38 WARN  unsupported Scala 2.13.8[0m
[0m2022.02.25 14:09:39 WARN  unsupported Scala 2.13.8[0m
[0m2022.02.25 14:09:45 WARN  unsupported Scala 2.13.8[0m
[0m2022.02.25 14:09:46 WARN  unsupported Scala 2.13.8[0m
Feb 25, 2022 2:09:46 PM scala.meta.internal.pc.CompilerAccess handleError
SEVERE: offset 8605, count -5, length 9638
java.lang.StringIndexOutOfBoundsException: offset 8605, count -5, length 9638
	at java.base/java.lang.String.checkBoundsOffCount(String.java:4586)
	at java.base/java.lang.String.rangeCheck(String.java:304)
	at java.base/java.lang.String.<init>(String.java:300)
	at scala.tools.nsc.interactive.Global.typeCompletions$1(Global.scala:1224)
	at scala.tools.nsc.interactive.Global.completionsAt(Global.scala:1262)
	at scala.meta.internal.pc.SignatureHelpProvider.$anonfun$treeSymbol$1(SignatureHelpProvider.scala:375)
	at scala.Option.map(Option.scala:242)
	at scala.meta.internal.pc.SignatureHelpProvider.treeSymbol(SignatureHelpProvider.scala:373)
	at scala.meta.internal.pc.SignatureHelpProvider$MethodCall$.unapply(SignatureHelpProvider.scala:198)
	at scala.meta.internal.pc.SignatureHelpProvider$MethodCallTraverser.visit(SignatureHelpProvider.scala:309)
	at scala.meta.internal.pc.SignatureHelpProvider$MethodCallTraverser.traverse(SignatureHelpProvider.scala:303)
	at scala.meta.internal.pc.SignatureHelpProvider$MethodCallTraverser.fromTree(SignatureHelpProvider.scala:272)
	at scala.meta.internal.pc.SignatureHelpProvider.signatureHelp(SignatureHelpProvider.scala:27)

[0m2022.02.25 14:09:46 WARN  unsupported Scala 2.13.8[0m
[0m2022.02.25 14:10:52 WARN  unsupported Scala 2.13.8[0m
[0m2022.02.25 14:10:54 WARN  unsupported Scala 2.13.8[0m
[0m2022.02.25 14:10:54 WARN  unsupported Scala 2.13.8[0m
[0m2022.02.25 14:10:58 WARN  unsupported Scala 2.13.8[0m
[0m2022.02.25 14:11:00 WARN  unsupported Scala 2.13.8[0m
[0m2022.02.25 14:11:00 WARN  unsupported Scala 2.13.8[0m
[0m2022.02.25 14:11:00 WARN  unsupported Scala 2.13.8[0m
[0m2022.02.25 14:11:01 WARN  unsupported Scala 2.13.8[0m
[0m2022.02.25 14:11:01 WARN  unsupported Scala 2.13.8[0m
[0m2022.02.25 14:11:01 WARN  unsupported Scala 2.13.8[0m
[0m2022.02.25 14:11:01 WARN  unsupported Scala 2.13.8[0m
[0m2022.02.25 14:11:01 WARN  unsupported Scala 2.13.8[0m
[0m2022.02.25 14:11:01 WARN  unsupported Scala 2.13.8[0m
[0m2022.02.25 14:11:02 WARN  unsupported Scala 2.13.8[0m
[0m2022.02.25 14:11:02 WARN  unsupported Scala 2.13.8[0m
[0m2022.02.25 14:11:03 WARN  unsupported Scala 2.13.8[0m
Feb 25, 2022 2:11:03 PM org.eclipse.lsp4j.jsonrpc.RemoteEndpoint handleCancellation
WARNING: Unmatched cancel notification for request id 1693
Feb 25, 2022 2:11:03 PM org.eclipse.lsp4j.jsonrpc.RemoteEndpoint handleCancellation
WARNING: Unmatched cancel notification for request id 1691
Feb 25, 2022 2:11:03 PM org.eclipse.lsp4j.jsonrpc.RemoteEndpoint handleCancellation
WARNING: Unmatched cancel notification for request id 1690
[0m2022.02.25 14:11:03 WARN  unsupported Scala 2.13.8[0m
[0m2022.02.25 14:11:04 WARN  unsupported Scala 2.13.8[0m
[0m2022.02.25 14:11:16 WARN  unsupported Scala 2.13.8[0m
[0m2022.02.25 14:11:17 WARN  unsupported Scala 2.13.8[0m
Feb 25, 2022 2:11:17 PM org.eclipse.lsp4j.jsonrpc.RemoteEndpoint handleCancellation
WARNING: Unmatched cancel notification for request id 1703
[0m2022.02.25 14:11:17 WARN  unsupported Scala 2.13.8[0m
[0m2022.02.25 14:11:17 WARN  unsupported Scala 2.13.8[0m
[0m2022.02.25 14:11:17 WARN  unsupported Scala 2.13.8[0m
[0m2022.02.25 14:11:17 WARN  unsupported Scala 2.13.8[0m
[0m2022.02.25 14:11:17 WARN  unsupported Scala 2.13.8[0m
[0m2022.02.25 14:11:18 WARN  unsupported Scala 2.13.8[0m
[0m2022.02.25 14:11:18 WARN  unsupported Scala 2.13.8[0m
[0m2022.02.25 14:11:20 WARN  unsupported Scala 2.13.8[0m
[0m2022.02.25 14:11:20 WARN  unsupported Scala 2.13.8[0m
[0m2022.02.25 14:11:22 WARN  unsupported Scala 2.13.8[0m
[0m2022.02.25 14:11:22 WARN  unsupported Scala 2.13.8[0m
[0m2022.02.25 14:11:22 WARN  unsupported Scala 2.13.8[0m
[0m2022.02.25 14:11:22 WARN  unsupported Scala 2.13.8[0m
[0m2022.02.25 14:11:23 WARN  unsupported Scala 2.13.8[0m
[0m2022.02.25 14:11:25 WARN  unsupported Scala 2.13.8[0m
[0m2022.02.25 14:11:27 WARN  unsupported Scala 2.13.8[0m
[0m2022.02.25 14:11:27 WARN  unsupported Scala 2.13.8[0m
[0m2022.02.25 14:11:31 WARN  unsupported Scala 2.13.8[0m
Feb 25, 2022 2:11:31 PM org.eclipse.lsp4j.jsonrpc.RemoteEndpoint handleCancellation
WARNING: Unmatched cancel notification for request id 1748
[0m2022.02.25 14:11:31 WARN  unsupported Scala 2.13.8[0m
[0m2022.02.25 14:11:35 WARN  unsupported Scala 2.13.8[0m
[0m2022.02.25 14:11:35 WARN  unsupported Scala 2.13.8[0m
[0m2022.02.25 14:11:36 WARN  unsupported Scala 2.13.8[0m
[0m2022.02.25 14:11:36 WARN  unsupported Scala 2.13.8[0m
[0m2022.02.25 14:11:38 WARN  unsupported Scala 2.13.8[0m
[0m2022.02.25 14:11:38 WARN  unsupported Scala 2.13.8[0m
[0m2022.02.25 14:11:38 WARN  unsupported Scala 2.13.8[0m
[0m2022.02.25 14:11:38 WARN  unsupported Scala 2.13.8[0m
[0m2022.02.25 14:11:38 WARN  unsupported Scala 2.13.8[0m
[0m2022.02.25 14:11:38 WARN  unsupported Scala 2.13.8[0m
[0m2022.02.25 14:11:40 WARN  unsupported Scala 2.13.8[0m
[0m2022.02.25 14:11:43 WARN  unsupported Scala 2.13.8[0m
[0m2022.02.25 14:11:43 WARN  unsupported Scala 2.13.8[0m
[0m2022.02.25 14:11:43 WARN  unsupported Scala 2.13.8[0m
[0m2022.02.25 14:11:44 WARN  unsupported Scala 2.13.8[0m
[0m2022.02.25 14:11:46 WARN  unsupported Scala 2.13.8[0m
[0m2022.02.25 14:11:46 WARN  unsupported Scala 2.13.8[0m
[0m2022.02.25 14:11:48 WARN  unsupported Scala 2.13.8[0m
[0m2022.02.25 14:11:48 WARN  unsupported Scala 2.13.8[0m
[0m2022.02.25 14:11:48 WARN  unsupported Scala 2.13.8[0m
[0m2022.02.25 14:11:49 WARN  unsupported Scala 2.13.8[0m
Feb 25, 2022 2:11:49 PM org.eclipse.lsp4j.jsonrpc.RemoteEndpoint handleCancellation
WARNING: Unmatched cancel notification for request id 1803
Feb 25, 2022 2:11:49 PM org.eclipse.lsp4j.jsonrpc.RemoteEndpoint handleCancellation
WARNING: Unmatched cancel notification for request id 1802
Feb 25, 2022 2:11:49 PM org.eclipse.lsp4j.jsonrpc.RemoteEndpoint handleCancellation
WARNING: Unmatched cancel notification for request id 1800
[0m2022.02.25 14:11:49 WARN  unsupported Scala 2.13.8[0m
[0m2022.02.25 14:11:49 WARN  unsupported Scala 2.13.8[0m
[0m2022.02.25 14:11:51 WARN  unsupported Scala 2.13.8[0m
[0m2022.02.25 14:11:53 INFO  compiling root (1 scala source)[0m
[0m2022.02.25 14:11:55 INFO  time: compiled root in 2.11s[0m
[0m2022.02.25 14:14:02 WARN  unsupported Scala 2.13.8[0m
[0m2022.02.25 14:14:22 WARN  unsupported Scala 2.13.8[0m
[0m2022.02.25 14:14:22 WARN  unsupported Scala 2.13.8[0m
[0m2022.02.25 14:14:24 WARN  unsupported Scala 2.13.8[0m
[0m2022.02.25 14:14:25 INFO  compiling root (1 scala source)[0m
[0m2022.02.25 14:14:26 INFO  time: compiled root in 1.34s[0m
[0m2022.02.25 14:14:39 WARN  unsupported Scala 2.13.8[0m
[0m2022.02.25 14:15:07 WARN  unsupported Scala 2.13.8[0m
[0m2022.02.25 14:15:07 WARN  unsupported Scala 2.13.8[0m
[0m2022.02.25 14:17:14 WARN  unsupported Scala 2.13.8[0m
[0m2022.02.25 14:17:14 WARN  unsupported Scala 2.13.8[0m
[0m2022.02.25 14:17:14 WARN  unsupported Scala 2.13.8[0m
[0m2022.02.25 14:17:14 WARN  unsupported Scala 2.13.8[0m
[0m2022.02.25 14:17:15 WARN  unsupported Scala 2.13.8[0m
[0m2022.02.25 14:17:45 WARN  unsupported Scala 2.13.8[0m
[0m2022.02.25 14:17:45 WARN  unsupported Scala 2.13.8[0m
[0m2022.02.25 14:17:45 WARN  unsupported Scala 2.13.8[0m
[0m2022.02.25 14:17:45 WARN  unsupported Scala 2.13.8[0m
[0m2022.02.25 14:17:49 WARN  unsupported Scala 2.13.8[0m
[0m2022.02.25 14:17:49 WARN  unsupported Scala 2.13.8[0m
[0m2022.02.25 14:17:49 WARN  unsupported Scala 2.13.8[0m
[0m2022.02.25 14:17:49 WARN  unsupported Scala 2.13.8[0m
[0m2022.02.25 14:17:52 WARN  unsupported Scala 2.13.8[0m
[0m2022.02.25 14:17:52 WARN  unsupported Scala 2.13.8[0m
[0m2022.02.25 14:18:01 WARN  unsupported Scala 2.13.8[0m
Feb 25, 2022 2:18:02 PM org.eclipse.lsp4j.jsonrpc.RemoteEndpoint handleCancellation
WARNING: Unmatched cancel notification for request id 1958
Feb 25, 2022 2:18:02 PM org.eclipse.lsp4j.jsonrpc.RemoteEndpoint handleCancellation
WARNING: Unmatched cancel notification for request id 1957
[0m2022.02.25 14:18:02 WARN  unsupported Scala 2.13.8[0m
[0m2022.02.25 14:18:04 WARN  unsupported Scala 2.13.8[0m
[0m2022.02.25 14:18:04 WARN  unsupported Scala 2.13.8[0m
[0m2022.02.25 14:18:04 WARN  unsupported Scala 2.13.8[0m
[0m2022.02.25 14:18:05 WARN  unsupported Scala 2.13.8[0m
[0m2022.02.25 14:18:11 WARN  unsupported Scala 2.13.8[0m
[0m2022.02.25 14:18:13 WARN  unsupported Scala 2.13.8[0m
[0m2022.02.25 14:18:13 WARN  unsupported Scala 2.13.8[0m
[0m2022.02.25 14:18:13 WARN  unsupported Scala 2.13.8[0m
[0m2022.02.25 14:18:14 WARN  unsupported Scala 2.13.8[0m
[0m2022.02.25 14:18:15 WARN  unsupported Scala 2.13.8[0m
[0m2022.02.25 14:18:15 WARN  unsupported Scala 2.13.8[0m
[0m2022.02.25 14:18:15 WARN  unsupported Scala 2.13.8[0m
[0m2022.02.25 14:18:15 WARN  unsupported Scala 2.13.8[0m
[0m2022.02.25 14:18:17 WARN  unsupported Scala 2.13.8[0m
[0m2022.02.25 14:18:17 WARN  unsupported Scala 2.13.8[0m
[0m2022.02.25 14:18:19 WARN  unsupported Scala 2.13.8[0m
[0m2022.02.25 14:18:19 WARN  unsupported Scala 2.13.8[0m
[0m2022.02.25 14:18:20 WARN  unsupported Scala 2.13.8[0m
[0m2022.02.25 14:18:20 WARN  unsupported Scala 2.13.8[0m
[0m2022.02.25 14:18:20 WARN  unsupported Scala 2.13.8[0m
[0m2022.02.25 14:18:21 WARN  unsupported Scala 2.13.8[0m
[0m2022.02.25 14:18:21 WARN  unsupported Scala 2.13.8[0m
Feb 25, 2022 2:18:21 PM org.eclipse.lsp4j.jsonrpc.RemoteEndpoint handleCancellation
WARNING: Unmatched cancel notification for request id 1992
[0m2022.02.25 14:18:21 WARN  unsupported Scala 2.13.8[0m
[0m2022.02.25 14:18:21 WARN  unsupported Scala 2.13.8[0m
[0m2022.02.25 14:18:21 WARN  unsupported Scala 2.13.8[0m
[0m2022.02.25 14:18:21 WARN  unsupported Scala 2.13.8[0m
[0m2022.02.25 14:18:23 WARN  unsupported Scala 2.13.8[0m
Feb 25, 2022 2:18:23 PM org.eclipse.lsp4j.jsonrpc.RemoteEndpoint handleCancellation
WARNING: Unmatched cancel notification for request id 2001
Feb 25, 2022 2:18:23 PM org.eclipse.lsp4j.jsonrpc.RemoteEndpoint handleCancellation
WARNING: Unmatched cancel notification for request id 1999
[0m2022.02.25 14:18:23 WARN  unsupported Scala 2.13.8[0m
[0m2022.02.25 14:18:24 WARN  unsupported Scala 2.13.8[0m
[0m2022.02.25 14:18:27 INFO  compiling root (1 scala source)[0m
[0m2022.02.25 14:18:27 INFO  time: compiled root in 0.7s[0m
[0m2022.02.25 14:18:36 WARN  unsupported Scala 2.13.8[0m
[0m2022.02.25 14:18:36 WARN  unsupported Scala 2.13.8[0m
[0m2022.02.25 14:18:42 WARN  unsupported Scala 2.13.8[0m
[0m2022.02.25 14:18:45 WARN  unsupported Scala 2.13.8[0m
[0m2022.02.25 14:18:46 WARN  unsupported Scala 2.13.8[0m
[0m2022.02.25 14:18:46 WARN  unsupported Scala 2.13.8[0m
[0m2022.02.25 14:18:48 WARN  unsupported Scala 2.13.8[0m
[0m2022.02.25 14:18:52 INFO  compiling root (1 scala source)[0m
[0m2022.02.25 14:18:53 INFO  time: compiled root in 1.32s[0m
[0m2022.02.25 14:18:53 WARN  unsupported Scala 2.13.8[0m
[0m2022.02.25 14:18:53 WARN  unsupported Scala 2.13.8[0m
[0m2022.02.25 14:18:57 WARN  unsupported Scala 2.13.8[0m
[0m2022.02.25 14:19:21 WARN  unsupported Scala 2.13.8[0m
[0m2022.02.25 14:19:23 WARN  unsupported Scala 2.13.8[0m
[0m2022.02.25 14:19:25 WARN  unsupported Scala 2.13.8[0m
[0m2022.02.25 14:19:27 WARN  unsupported Scala 2.13.8[0m
[0m2022.02.25 14:19:34 WARN  unsupported Scala 2.13.8[0m
[0m2022.02.25 14:22:31 WARN  unsupported Scala 2.13.8[0m
[0m2022.02.25 14:24:35 WARN  unsupported Scala 2.13.8[0m
[0m2022.02.25 14:24:35 WARN  unsupported Scala 2.13.8[0m
[0m2022.02.25 14:24:36 WARN  unsupported Scala 2.13.8[0m
[0m2022.02.25 14:24:36 WARN  unsupported Scala 2.13.8[0m
[0m2022.02.25 14:24:39 WARN  unsupported Scala 2.13.8[0m
[0m2022.02.25 14:24:39 WARN  unsupported Scala 2.13.8[0m
[0m2022.02.25 14:24:41 WARN  unsupported Scala 2.13.8[0m
[0m2022.02.25 14:24:41 WARN  unsupported Scala 2.13.8[0m
[0m2022.02.25 14:24:41 WARN  unsupported Scala 2.13.8[0m
[0m2022.02.25 14:24:41 WARN  unsupported Scala 2.13.8[0m
[0m2022.02.25 14:24:41 WARN  unsupported Scala 2.13.8[0m
[0m2022.02.25 14:24:42 WARN  unsupported Scala 2.13.8[0m
[0m2022.02.25 14:24:42 WARN  unsupported Scala 2.13.8[0m
[0m2022.02.25 14:24:42 WARN  unsupported Scala 2.13.8[0m
[0m2022.02.25 14:24:44 WARN  unsupported Scala 2.13.8[0m
[0m2022.02.25 14:24:48 WARN  unsupported Scala 2.13.8[0m
[0m2022.02.25 14:24:48 WARN  unsupported Scala 2.13.8[0m
[0m2022.02.25 14:24:53 WARN  unsupported Scala 2.13.8[0m
Feb 25, 2022 2:24:53 PM org.eclipse.lsp4j.jsonrpc.RemoteEndpoint handleCancellation
WARNING: Unmatched cancel notification for request id 2159
Feb 25, 2022 2:24:53 PM org.eclipse.lsp4j.jsonrpc.RemoteEndpoint handleCancellation
WARNING: Unmatched cancel notification for request id 2158
Feb 25, 2022 2:24:53 PM org.eclipse.lsp4j.jsonrpc.RemoteEndpoint handleCancellation
WARNING: Unmatched cancel notification for request id 2156
[0m2022.02.25 14:24:58 WARN  unsupported Scala 2.13.8[0m
[0m2022.02.25 14:24:58 WARN  unsupported Scala 2.13.8[0m
[0m2022.02.25 14:24:59 WARN  unsupported Scala 2.13.8[0m
[0m2022.02.25 14:24:59 WARN  unsupported Scala 2.13.8[0m
[0m2022.02.25 14:24:59 WARN  unsupported Scala 2.13.8[0m
[0m2022.02.25 14:24:59 WARN  unsupported Scala 2.13.8[0m
[0m2022.02.25 14:24:59 WARN  unsupported Scala 2.13.8[0m
[0m2022.02.25 14:24:59 WARN  unsupported Scala 2.13.8[0m
[0m2022.02.25 14:25:01 WARN  unsupported Scala 2.13.8[0m
[0m2022.02.25 14:25:01 WARN  unsupported Scala 2.13.8[0m
[0m2022.02.25 14:25:02 WARN  unsupported Scala 2.13.8[0m
[0m2022.02.25 14:25:02 WARN  unsupported Scala 2.13.8[0m
[0m2022.02.25 14:25:03 WARN  unsupported Scala 2.13.8[0m
[0m2022.02.25 14:25:03 WARN  unsupported Scala 2.13.8[0m
[0m2022.02.25 14:25:03 WARN  unsupported Scala 2.13.8[0m
[0m2022.02.25 14:25:03 WARN  unsupported Scala 2.13.8[0m
[0m2022.02.25 14:25:05 WARN  unsupported Scala 2.13.8[0m
[0m2022.02.25 14:25:24 WARN  unsupported Scala 2.13.8[0m
[0m2022.02.25 14:25:24 WARN  unsupported Scala 2.13.8[0m
[0m2022.02.25 14:25:27 WARN  unsupported Scala 2.13.8[0m
[0m2022.02.25 14:25:31 WARN  unsupported Scala 2.13.8[0m
[0m2022.02.25 14:25:31 WARN  unsupported Scala 2.13.8[0m
[0m2022.02.25 14:25:31 WARN  unsupported Scala 2.13.8[0m
[0m2022.02.25 14:25:32 WARN  unsupported Scala 2.13.8[0m
[0m2022.02.25 14:25:32 WARN  unsupported Scala 2.13.8[0m
[0m2022.02.25 14:25:32 WARN  unsupported Scala 2.13.8[0m
[0m2022.02.25 14:25:39 WARN  unsupported Scala 2.13.8[0m
[0m2022.02.25 14:25:39 WARN  unsupported Scala 2.13.8[0m
[0m2022.02.25 14:25:42 WARN  unsupported Scala 2.13.8[0m
[0m2022.02.25 14:25:42 WARN  unsupported Scala 2.13.8[0m
[0m2022.02.25 14:25:42 WARN  unsupported Scala 2.13.8[0m
[0m2022.02.25 14:25:42 WARN  unsupported Scala 2.13.8[0m
[0m2022.02.25 14:25:42 WARN  unsupported Scala 2.13.8[0m
[0m2022.02.25 14:25:42 WARN  unsupported Scala 2.13.8[0m
[0m2022.02.25 14:25:43 WARN  unsupported Scala 2.13.8[0m
[0m2022.02.25 14:25:43 WARN  unsupported Scala 2.13.8[0m
[0m2022.02.25 14:25:43 WARN  unsupported Scala 2.13.8[0m
[0m2022.02.25 14:25:44 WARN  unsupported Scala 2.13.8[0m
[0m2022.02.25 14:25:44 WARN  unsupported Scala 2.13.8[0m
[0m2022.02.25 14:25:46 WARN  unsupported Scala 2.13.8[0m
[0m2022.02.25 14:25:46 WARN  unsupported Scala 2.13.8[0m
[0m2022.02.25 14:25:46 WARN  unsupported Scala 2.13.8[0m
[0m2022.02.25 14:25:47 WARN  unsupported Scala 2.13.8[0m
[0m2022.02.25 14:25:57 WARN  unsupported Scala 2.13.8[0m
[0m2022.02.25 14:26:08 WARN  unsupported Scala 2.13.8[0m
[0m2022.02.25 14:26:08 WARN  unsupported Scala 2.13.8[0m
[0m2022.02.25 14:26:08 WARN  unsupported Scala 2.13.8[0m
[0m2022.02.25 14:26:08 WARN  unsupported Scala 2.13.8[0m
[0m2022.02.25 14:26:09 WARN  unsupported Scala 2.13.8[0m
[0m2022.02.25 14:26:09 WARN  unsupported Scala 2.13.8[0m
[0m2022.02.25 14:26:09 WARN  unsupported Scala 2.13.8[0m
[0m2022.02.25 14:26:09 WARN  unsupported Scala 2.13.8[0m
[0m2022.02.25 14:26:09 WARN  unsupported Scala 2.13.8[0m
[0m2022.02.25 14:26:11 WARN  unsupported Scala 2.13.8[0m
[0m2022.02.25 14:26:13 WARN  unsupported Scala 2.13.8[0m
[0m2022.02.25 14:26:13 WARN  unsupported Scala 2.13.8[0m
[0m2022.02.25 14:26:15 WARN  unsupported Scala 2.13.8[0m
[0m2022.02.25 14:26:15 WARN  unsupported Scala 2.13.8[0m
[0m2022.02.25 14:26:15 WARN  unsupported Scala 2.13.8[0m
[0m2022.02.25 14:26:15 WARN  unsupported Scala 2.13.8[0m
[0m2022.02.25 14:26:15 WARN  unsupported Scala 2.13.8[0m
[0m2022.02.25 14:26:15 WARN  unsupported Scala 2.13.8[0m
[0m2022.02.25 14:26:17 WARN  unsupported Scala 2.13.8[0m
[0m2022.02.25 14:26:17 WARN  unsupported Scala 2.13.8[0m
[0m2022.02.25 14:26:17 WARN  unsupported Scala 2.13.8[0m
[0m2022.02.25 14:26:20 WARN  unsupported Scala 2.13.8[0m
[0m2022.02.25 14:26:20 WARN  unsupported Scala 2.13.8[0m
[0m2022.02.25 14:26:20 WARN  unsupported Scala 2.13.8[0m
[0m2022.02.25 14:26:20 WARN  unsupported Scala 2.13.8[0m
[0m2022.02.25 14:26:20 WARN  unsupported Scala 2.13.8[0m
[0m2022.02.25 14:26:20 WARN  unsupported Scala 2.13.8[0m
[0m2022.02.25 14:26:22 WARN  unsupported Scala 2.13.8[0m
[0m2022.02.25 14:26:22 WARN  unsupported Scala 2.13.8[0m
[0m2022.02.25 14:26:23 WARN  unsupported Scala 2.13.8[0m
[0m2022.02.25 14:26:25 WARN  unsupported Scala 2.13.8[0m
[0m2022.02.25 14:26:32 ERROR scalafmt: /Users/gavinleroy/dev/uni/acc/asgs/l3-warmup/compiler/src/l3/L3Parser.scala:275: error: [dialect default] ; expected but => found
    clses.foldRight(Lit(UnitLit)) { ((e, stmts), a) => If(e, sBegin(stmts), a) }
                                                    ^[0m
[0m2022.02.25 14:26:32 INFO  compiling root (1 scala source)[0m
[0m2022.02.25 14:26:32 INFO  time: compiled root in 0.21s[0m
[0m2022.02.25 14:26:34 WARN  unsupported Scala 2.13.8[0m
[0m2022.02.25 14:26:34 WARN  unsupported Scala 2.13.8[0m
[0m2022.02.25 14:26:35 WARN  unsupported Scala 2.13.8[0m
[0m2022.02.25 14:26:37 WARN  unsupported Scala 2.13.8[0m
[0m2022.02.25 14:26:39 WARN  unsupported Scala 2.13.8[0m
[0m2022.02.25 14:26:46 WARN  unsupported Scala 2.13.8[0m
[0m2022.02.25 14:26:50 WARN  unsupported Scala 2.13.8[0m
[0m2022.02.25 14:26:50 WARN  unsupported Scala 2.13.8[0m
[0m2022.02.25 14:26:52 WARN  unsupported Scala 2.13.8[0m
[0m2022.02.25 14:26:53 WARN  unsupported Scala 2.13.8[0m
[0m2022.02.25 14:26:55 ERROR scalafmt: /Users/gavinleroy/dev/uni/acc/asgs/l3-warmup/compiler/src/l3/L3Parser.scala:275: error: [dialect default] ) expected but => found
    clses.foldRight(Lit(UnitLit)) ( ((e, stmts), a) => If(e, sBegin(stmts), a) )
                                                    ^[0m
[0m2022.02.25 14:26:55 INFO  compiling root (1 scala source)[0m
[0m2022.02.25 14:26:55 INFO  time: compiled root in 73ms[0m
[0m2022.02.25 14:26:57 ERROR scalafmt: /Users/gavinleroy/dev/uni/acc/asgs/l3-warmup/compiler/src/l3/L3Parser.scala:275: error: [dialect default] ; expected but => found
    clses.foldRight(Lit(UnitLit)) { ((e, stmts), a) => If(e, sBegin(stmts), a) }
                                                    ^[0m
[0m2022.02.25 14:26:57 INFO  compiling root (1 scala source)[0m
[0m2022.02.25 14:26:57 INFO  time: compiled root in 62ms[0m
[0m2022.02.25 14:27:01 WARN  unsupported Scala 2.13.8[0m
[0m2022.02.25 14:27:06 INFO  compiling root (1 scala source)[0m
[0m2022.02.25 14:27:06 INFO  time: compiled root in 0.99s[0m
[0m2022.02.25 14:27:45 WARN  unsupported Scala 2.13.8[0m
[0m2022.02.25 14:27:46 INFO  compiling root (1 scala source)[0m
[0m2022.02.25 14:27:46 INFO  time: compiled root in 0.76s[0m
[0m2022.02.25 14:27:49 WARN  unsupported Scala 2.13.8[0m
[0m2022.02.25 14:27:58 WARN  unsupported Scala 2.13.8[0m
[0m2022.02.25 14:28:00 WARN  unsupported Scala 2.13.8[0m
[0m2022.02.25 14:28:01 WARN  unsupported Scala 2.13.8[0m
[0m2022.02.25 14:28:01 WARN  unsupported Scala 2.13.8[0m
[0m2022.02.25 14:28:03 WARN  unsupported Scala 2.13.8[0m
[0m2022.02.25 14:28:08 INFO  compiling root (1 scala source)[0m
[0m2022.02.25 14:28:08 INFO  time: compiled root in 0.66s[0m
[0m2022.02.25 14:28:09 WARN  unsupported Scala 2.13.8[0m
[0m2022.02.25 14:28:11 WARN  unsupported Scala 2.13.8[0m
[0m2022.02.25 14:28:13 WARN  unsupported Scala 2.13.8[0m
[0m2022.02.25 14:28:15 WARN  unsupported Scala 2.13.8[0m
[0m2022.02.25 14:28:16 WARN  unsupported Scala 2.13.8[0m
[0m2022.02.25 14:28:17 WARN  unsupported Scala 2.13.8[0m
[0m2022.02.25 14:28:19 WARN  unsupported Scala 2.13.8[0m
[0m2022.02.25 14:28:22 WARN  unsupported Scala 2.13.8[0m
[0m2022.02.25 14:28:42 WARN  unsupported Scala 2.13.8[0m
[0m2022.02.25 14:28:44 WARN  unsupported Scala 2.13.8[0m
Feb 25, 2022 2:29:03 PM org.eclipse.lsp4j.jsonrpc.RemoteEndpoint handleCancellation
WARNING: Unmatched cancel notification for request id 2494
Feb 25, 2022 2:29:03 PM org.eclipse.lsp4j.jsonrpc.RemoteEndpoint handleCancellation
WARNING: Unmatched cancel notification for request id 2493
[0m2022.02.25 14:29:09 WARN  unsupported Scala 2.13.8[0m
[0m2022.02.25 14:29:12 WARN  unsupported Scala 2.13.8[0m
[0m2022.02.25 14:29:12 WARN  unsupported Scala 2.13.8[0m
[0m2022.02.25 14:29:12 WARN  unsupported Scala 2.13.8[0m
[0m2022.02.25 14:29:13 WARN  unsupported Scala 2.13.8[0m
[0m2022.02.25 14:29:13 WARN  unsupported Scala 2.13.8[0m
[0m2022.02.25 14:29:13 WARN  unsupported Scala 2.13.8[0m
Feb 25, 2022 2:29:13 PM org.eclipse.lsp4j.jsonrpc.RemoteEndpoint handleCancellation
WARNING: Unmatched cancel notification for request id 2515
[0m2022.02.25 14:29:13 WARN  unsupported Scala 2.13.8[0m
[0m2022.02.25 14:29:13 WARN  unsupported Scala 2.13.8[0m
[0m2022.02.25 14:29:13 WARN  unsupported Scala 2.13.8[0m
Exception in thread "pool-5-thread-5" java.lang.InterruptedException
	at scala.meta.internal.metals.FutureCancelToken.checkCanceled(FutureCancelToken.scala:29)
	at scala.meta.internal.pc.CompilerAccess.$anonfun$onCompilerJobQueue$1(CompilerAccess.scala:195)
	at scala.meta.internal.pc.CompilerJobQueue$Job.run(CompilerJobQueue.scala:139)
	at java.base/java.util.concurrent.ThreadPoolExecutor.runWorker(ThreadPoolExecutor.java:1136)
	at java.base/java.util.concurrent.ThreadPoolExecutor$Worker.run(ThreadPoolExecutor.java:635)
	at java.base/java.lang.Thread.run(Thread.java:833)
[0m2022.02.25 14:29:13 WARN  unsupported Scala 2.13.8[0m
[0m2022.02.25 14:29:29 WARN  unsupported Scala 2.13.8[0m
[0m2022.02.25 14:29:32 WARN  unsupported Scala 2.13.8[0m
[0m2022.02.25 14:29:32 WARN  unsupported Scala 2.13.8[0m
[0m2022.02.25 14:29:32 WARN  unsupported Scala 2.13.8[0m
[0m2022.02.25 14:29:33 WARN  unsupported Scala 2.13.8[0m
[0m2022.02.25 14:29:33 WARN  unsupported Scala 2.13.8[0m
[0m2022.02.25 14:29:33 WARN  unsupported Scala 2.13.8[0m
[0m2022.02.25 14:29:33 WARN  unsupported Scala 2.13.8[0m
[0m2022.02.25 14:29:34 WARN  unsupported Scala 2.13.8[0m
[0m2022.02.25 14:29:34 WARN  unsupported Scala 2.13.8[0m
[0m2022.02.25 14:29:34 WARN  unsupported Scala 2.13.8[0m
[0m2022.02.25 14:29:34 WARN  unsupported Scala 2.13.8[0m
[0m2022.02.25 14:29:34 WARN  unsupported Scala 2.13.8[0m
[0m2022.02.25 14:29:34 WARN  unsupported Scala 2.13.8[0m
[0m2022.02.25 14:29:36 WARN  unsupported Scala 2.13.8[0m
[0m2022.02.25 14:29:36 WARN  unsupported Scala 2.13.8[0m
[0m2022.02.25 14:29:36 WARN  unsupported Scala 2.13.8[0m
[0m2022.02.25 14:29:36 WARN  unsupported Scala 2.13.8[0m
[0m2022.02.25 14:29:37 WARN  unsupported Scala 2.13.8[0m
[0m2022.02.25 14:29:37 WARN  unsupported Scala 2.13.8[0m
[0m2022.02.25 14:29:37 WARN  unsupported Scala 2.13.8[0m
[0m2022.02.25 14:29:37 WARN  unsupported Scala 2.13.8[0m
[0m2022.02.25 14:29:37 WARN  unsupported Scala 2.13.8[0m
[0m2022.02.25 14:29:37 WARN  unsupported Scala 2.13.8[0m
[0m2022.02.25 14:29:37 WARN  unsupported Scala 2.13.8[0m
[0m2022.02.25 14:29:37 WARN  unsupported Scala 2.13.8[0m
[0m2022.02.25 14:29:40 INFO  compiling root (1 scala source)[0m
[0m2022.02.25 14:29:40 INFO  time: compiled root in 0.68s[0m
[0m2022.02.25 14:29:42 WARN  unsupported Scala 2.13.8[0m
[0m2022.02.25 14:29:45 WARN  unsupported Scala 2.13.8[0m
[0m2022.02.25 14:29:47 WARN  unsupported Scala 2.13.8[0m
[0m2022.02.25 14:29:51 WARN  unsupported Scala 2.13.8[0m
[0m2022.02.25 14:29:51 WARN  unsupported Scala 2.13.8[0m
[0m2022.02.25 14:29:53 WARN  unsupported Scala 2.13.8[0m
[0m2022.02.25 14:30:04 WARN  unsupported Scala 2.13.8[0m
[0m2022.02.25 14:30:06 WARN  unsupported Scala 2.13.8[0m
[0m2022.02.25 14:30:07 WARN  unsupported Scala 2.13.8[0m
[0m2022.02.25 14:30:45 WARN  unsupported Scala 2.13.8[0m
[0m2022.02.25 14:30:48 WARN  unsupported Scala 2.13.8[0m
[0m2022.02.25 14:30:52 WARN  unsupported Scala 2.13.8[0m
[0m2022.02.25 14:30:54 WARN  unsupported Scala 2.13.8[0m
[0m2022.02.25 14:30:56 INFO  compiling root (1 scala source)[0m
[0m2022.02.25 14:30:56 INFO  time: compiled root in 0.68s[0m
[0m2022.02.25 14:31:07 WARN  unsupported Scala 2.13.8[0m
[0m2022.02.25 14:31:07 WARN  unsupported Scala 2.13.8[0m
[0m2022.02.25 14:31:07 WARN  unsupported Scala 2.13.8[0m
[0m2022.02.25 14:31:07 WARN  unsupported Scala 2.13.8[0m
[0m2022.02.25 14:31:08 WARN  unsupported Scala 2.13.8[0m
[0m2022.02.25 14:31:08 WARN  unsupported Scala 2.13.8[0m
[0m2022.02.25 14:31:11 WARN  unsupported Scala 2.13.8[0m
Feb 25, 2022 2:31:11 PM org.eclipse.lsp4j.jsonrpc.RemoteEndpoint handleCancellation
WARNING: Unmatched cancel notification for request id 2662
Feb 25, 2022 2:31:11 PM org.eclipse.lsp4j.jsonrpc.RemoteEndpoint handleCancellation
WARNING: Unmatched cancel notification for request id 2660
Feb 25, 2022 2:31:11 PM org.eclipse.lsp4j.jsonrpc.RemoteEndpoint handleCancellation
WARNING: Unmatched cancel notification for request id 2659
[0m2022.02.25 14:31:11 WARN  unsupported Scala 2.13.8[0m
[0m2022.02.25 14:31:12 WARN  unsupported Scala 2.13.8[0m
[0m2022.02.25 14:31:12 WARN  unsupported Scala 2.13.8[0m
[0m2022.02.25 14:31:12 WARN  unsupported Scala 2.13.8[0m
[0m2022.02.25 14:31:27 WARN  unsupported Scala 2.13.8[0m
[0m2022.02.25 14:31:27 WARN  unsupported Scala 2.13.8[0m
[0m2022.02.25 14:31:27 WARN  unsupported Scala 2.13.8[0m
[0m2022.02.25 14:31:28 WARN  unsupported Scala 2.13.8[0m
[0m2022.02.25 14:31:28 WARN  unsupported Scala 2.13.8[0m
[0m2022.02.25 14:31:30 WARN  unsupported Scala 2.13.8[0m
[0m2022.02.25 14:31:32 WARN  unsupported Scala 2.13.8[0m
[0m2022.02.25 14:31:33 INFO  compiling root (1 scala source)[0m
[0m2022.02.25 14:31:33 INFO  time: compiled root in 0.62s[0m
[0m2022.02.25 14:32:11 WARN  unsupported Scala 2.13.8[0m
[0m2022.02.25 14:32:11 WARN  unsupported Scala 2.13.8[0m
[0m2022.02.25 14:32:11 WARN  unsupported Scala 2.13.8[0m
[0m2022.02.25 14:32:13 INFO  compiling root (1 scala source)[0m
[0m2022.02.25 14:32:14 INFO  time: compiled root in 1.21s[0m
[0m2022.02.25 14:32:37 WARN  unsupported Scala 2.13.8[0m
[0m2022.02.25 14:32:44 WARN  unsupported Scala 2.13.8[0m
[0m2022.02.25 14:37:37 WARN  unsupported Scala 2.13.8[0m
[0m2022.02.25 14:37:37 WARN  unsupported Scala 2.13.8[0m
Feb 25, 2022 2:37:40 PM org.eclipse.lsp4j.jsonrpc.RemoteEndpoint handleCancellation
WARNING: Unmatched cancel notification for request id 2760
[0m2022.02.25 14:37:42 WARN  unsupported Scala 2.13.8[0m
[0m2022.02.25 14:37:42 WARN  unsupported Scala 2.13.8[0m
[0m2022.02.25 14:38:31 WARN  unsupported Scala 2.13.8[0m
[0m2022.02.25 14:38:31 WARN  unsupported Scala 2.13.8[0m
[0m2022.02.25 14:38:31 WARN  unsupported Scala 2.13.8[0m
[0m2022.02.25 14:38:32 WARN  unsupported Scala 2.13.8[0m
[0m2022.02.25 14:38:32 WARN  unsupported Scala 2.13.8[0m
[0m2022.02.25 14:38:43 WARN  unsupported Scala 2.13.8[0m
[0m2022.02.25 14:38:43 WARN  unsupported Scala 2.13.8[0m
[0m2022.02.25 14:38:43 WARN  unsupported Scala 2.13.8[0m
[0m2022.02.25 14:38:44 WARN  unsupported Scala 2.13.8[0m
[0m2022.02.25 14:38:46 WARN  unsupported Scala 2.13.8[0m
[0m2022.02.25 14:38:46 WARN  unsupported Scala 2.13.8[0m
[0m2022.02.25 14:38:47 WARN  unsupported Scala 2.13.8[0m
[0m2022.02.25 14:38:47 WARN  unsupported Scala 2.13.8[0m
[0m2022.02.25 14:39:20 WARN  unsupported Scala 2.13.8[0m
[0m2022.02.25 14:39:20 WARN  unsupported Scala 2.13.8[0m
[0m2022.02.25 14:39:20 WARN  unsupported Scala 2.13.8[0m
[0m2022.02.25 14:39:20 WARN  unsupported Scala 2.13.8[0m
[0m2022.02.25 14:39:22 WARN  unsupported Scala 2.13.8[0m
[0m2022.02.25 14:39:24 WARN  unsupported Scala 2.13.8[0m
[0m2022.02.25 14:39:24 WARN  unsupported Scala 2.13.8[0m
[0m2022.02.25 14:39:24 WARN  unsupported Scala 2.13.8[0m
[0m2022.02.25 14:39:26 WARN  unsupported Scala 2.13.8[0m
[0m2022.02.25 14:39:26 WARN  unsupported Scala 2.13.8[0m
[0m2022.02.25 14:39:26 WARN  unsupported Scala 2.13.8[0m
[0m2022.02.25 14:39:26 WARN  unsupported Scala 2.13.8[0m
[0m2022.02.25 14:39:26 WARN  unsupported Scala 2.13.8[0m
[0m2022.02.25 14:39:27 WARN  unsupported Scala 2.13.8[0m
[0m2022.02.25 14:39:29 WARN  unsupported Scala 2.13.8[0m
[0m2022.02.25 14:39:29 WARN  unsupported Scala 2.13.8[0m
[0m2022.02.25 14:39:41 WARN  unsupported Scala 2.13.8[0m
[0m2022.02.25 14:39:45 WARN  unsupported Scala 2.13.8[0m
[0m2022.02.25 14:39:46 WARN  unsupported Scala 2.13.8[0m
[0m2022.02.25 14:39:47 WARN  unsupported Scala 2.13.8[0m
[0m2022.02.25 14:39:54 WARN  unsupported Scala 2.13.8[0m
[0m2022.02.25 14:39:54 WARN  unsupported Scala 2.13.8[0m
[0m2022.02.25 14:39:54 WARN  unsupported Scala 2.13.8[0m
[0m2022.02.25 14:39:54 WARN  unsupported Scala 2.13.8[0m
[0m2022.02.25 14:39:54 WARN  unsupported Scala 2.13.8[0m
[0m2022.02.25 14:39:55 WARN  unsupported Scala 2.13.8[0m
[0m2022.02.25 14:39:58 WARN  unsupported Scala 2.13.8[0m
[0m2022.02.25 14:39:59 WARN  unsupported Scala 2.13.8[0m
[0m2022.02.25 14:40:04 WARN  unsupported Scala 2.13.8[0m
[0m2022.02.25 14:40:09 WARN  unsupported Scala 2.13.8[0m
[0m2022.02.25 14:40:09 WARN  unsupported Scala 2.13.8[0m
[0m2022.02.25 14:40:25 WARN  unsupported Scala 2.13.8[0m
[0m2022.02.25 14:40:25 WARN  unsupported Scala 2.13.8[0m
[0m2022.02.25 14:40:27 WARN  unsupported Scala 2.13.8[0m
[0m2022.02.25 14:40:27 WARN  unsupported Scala 2.13.8[0m
[0m2022.02.25 14:40:28 WARN  unsupported Scala 2.13.8[0m
[0m2022.02.25 14:40:50 WARN  unsupported Scala 2.13.8[0m
[0m2022.02.25 14:40:50 WARN  unsupported Scala 2.13.8[0m
[0m2022.02.25 14:40:50 WARN  unsupported Scala 2.13.8[0m
[0m2022.02.25 14:40:51 WARN  unsupported Scala 2.13.8[0m
[0m2022.02.25 14:40:51 WARN  unsupported Scala 2.13.8[0m
[0m2022.02.25 14:40:53 WARN  unsupported Scala 2.13.8[0m
[0m2022.02.25 14:40:53 WARN  unsupported Scala 2.13.8[0m
[0m2022.02.25 14:40:55 WARN  unsupported Scala 2.13.8[0m
[0m2022.02.25 14:40:55 WARN  unsupported Scala 2.13.8[0m
Feb 25, 2022 2:40:55 PM org.eclipse.lsp4j.jsonrpc.RemoteEndpoint handleCancellation
WARNING: Unmatched cancel notification for request id 2914
Feb 25, 2022 2:40:55 PM org.eclipse.lsp4j.jsonrpc.RemoteEndpoint handleCancellation
WARNING: Unmatched cancel notification for request id 2913
Feb 25, 2022 2:40:55 PM org.eclipse.lsp4j.jsonrpc.RemoteEndpoint handleCancellation
WARNING: Unmatched cancel notification for request id 2911
[0m2022.02.25 14:40:55 WARN  unsupported Scala 2.13.8[0m
[0m2022.02.25 14:40:57 WARN  unsupported Scala 2.13.8[0m
[0m2022.02.25 14:40:57 WARN  unsupported Scala 2.13.8[0m
[0m2022.02.25 14:40:59 WARN  unsupported Scala 2.13.8[0m
[0m2022.02.25 14:40:59 WARN  unsupported Scala 2.13.8[0m
[0m2022.02.25 14:40:59 WARN  unsupported Scala 2.13.8[0m
[0m2022.02.25 14:41:00 WARN  unsupported Scala 2.13.8[0m
[0m2022.02.25 14:41:00 WARN  unsupported Scala 2.13.8[0m
[0m2022.02.25 14:41:00 WARN  unsupported Scala 2.13.8[0m
[0m2022.02.25 14:41:00 WARN  unsupported Scala 2.13.8[0m
[0m2022.02.25 14:41:01 WARN  unsupported Scala 2.13.8[0m
[0m2022.02.25 14:41:03 WARN  unsupported Scala 2.13.8[0m
[0m2022.02.25 14:41:03 WARN  unsupported Scala 2.13.8[0m
[0m2022.02.25 14:41:03 WARN  unsupported Scala 2.13.8[0m
[0m2022.02.25 14:41:04 WARN  unsupported Scala 2.13.8[0m
[0m2022.02.25 14:41:04 WARN  unsupported Scala 2.13.8[0m
[0m2022.02.25 14:41:06 WARN  unsupported Scala 2.13.8[0m
[0m2022.02.25 14:41:07 INFO  compiling root (1 scala source)[0m
Feb 25, 2022 2:41:08 PM org.eclipse.lsp4j.jsonrpc.RemoteEndpoint handleCancellation
WARNING: Unmatched cancel notification for request id 2946
[0m2022.02.25 14:41:09 INFO  time: compiled root in 1.72s[0m
[0m2022.02.25 14:42:47 WARN  unsupported Scala 2.13.8[0m
[0m2022.02.25 14:43:42 WARN  unsupported Scala 2.13.8[0m
[0m2022.02.25 14:43:44 WARN  unsupported Scala 2.13.8[0m
[0m2022.02.25 14:43:44 WARN  unsupported Scala 2.13.8[0m
[0m2022.02.25 14:44:18 WARN  unsupported Scala 2.13.8[0m
[0m2022.02.25 14:44:18 WARN  unsupported Scala 2.13.8[0m
[0m2022.02.25 14:44:19 WARN  unsupported Scala 2.13.8[0m
[0m2022.02.25 14:44:19 WARN  unsupported Scala 2.13.8[0m
[0m2022.02.25 14:44:19 WARN  unsupported Scala 2.13.8[0m
[0m2022.02.25 14:44:19 WARN  unsupported Scala 2.13.8[0m
[0m2022.02.25 14:44:19 WARN  unsupported Scala 2.13.8[0m
[0m2022.02.25 14:44:19 WARN  unsupported Scala 2.13.8[0m
[0m2022.02.25 14:44:20 WARN  unsupported Scala 2.13.8[0m
[0m2022.02.25 14:44:20 WARN  unsupported Scala 2.13.8[0m
[0m2022.02.25 14:44:20 WARN  unsupported Scala 2.13.8[0m
[0m2022.02.25 14:44:23 WARN  unsupported Scala 2.13.8[0m
[0m2022.02.25 14:44:26 WARN  unsupported Scala 2.13.8[0m
[0m2022.02.25 14:44:26 WARN  unsupported Scala 2.13.8[0m
[0m2022.02.25 14:44:26 WARN  unsupported Scala 2.13.8[0m
[0m2022.02.25 14:44:26 WARN  unsupported Scala 2.13.8[0m
[0m2022.02.25 14:44:26 WARN  unsupported Scala 2.13.8[0m
[0m2022.02.25 14:44:26 WARN  unsupported Scala 2.13.8[0m
[0m2022.02.25 14:44:26 WARN  unsupported Scala 2.13.8[0m
[0m2022.02.25 14:44:26 WARN  unsupported Scala 2.13.8[0m
[0m2022.02.25 14:44:26 WARN  unsupported Scala 2.13.8[0m
[0m2022.02.25 14:44:26 WARN  unsupported Scala 2.13.8[0m
[0m2022.02.25 14:44:27 WARN  unsupported Scala 2.13.8[0m
[0m2022.02.25 14:44:27 WARN  unsupported Scala 2.13.8[0m
[0m2022.02.25 14:44:27 WARN  unsupported Scala 2.13.8[0m
[0m2022.02.25 14:44:29 WARN  unsupported Scala 2.13.8[0m
[0m2022.02.25 14:44:38 WARN  unsupported Scala 2.13.8[0m
[0m2022.02.25 14:44:38 WARN  unsupported Scala 2.13.8[0m
[0m2022.02.25 14:44:38 WARN  unsupported Scala 2.13.8[0m
[0m2022.02.25 14:44:39 WARN  unsupported Scala 2.13.8[0m
[0m2022.02.25 14:44:39 WARN  unsupported Scala 2.13.8[0m
Feb 25, 2022 2:44:39 PM org.eclipse.lsp4j.jsonrpc.RemoteEndpoint handleCancellation
WARNING: Unmatched cancel notification for request id 3036
[0m2022.02.25 14:44:39 WARN  unsupported Scala 2.13.8[0m
[0m2022.02.25 14:44:40 WARN  unsupported Scala 2.13.8[0m
[0m2022.02.25 14:44:40 WARN  unsupported Scala 2.13.8[0m
[0m2022.02.25 14:44:40 WARN  unsupported Scala 2.13.8[0m
[0m2022.02.25 14:44:40 WARN  unsupported Scala 2.13.8[0m
[0m2022.02.25 14:44:41 WARN  unsupported Scala 2.13.8[0m
Feb 25, 2022 2:44:42 PM org.eclipse.lsp4j.jsonrpc.RemoteEndpoint handleCancellation
WARNING: Unmatched cancel notification for request id 3047
[0m2022.02.25 14:44:41 WARN  unsupported Scala 2.13.8[0m
[0m2022.02.25 14:44:41 WARN  unsupported Scala 2.13.8[0m
[0m2022.02.25 14:44:42 WARN  unsupported Scala 2.13.8[0m
[0m2022.02.25 14:44:42 WARN  unsupported Scala 2.13.8[0m
[0m2022.02.25 14:44:46 WARN  unsupported Scala 2.13.8[0m
Feb 25, 2022 2:44:47 PM org.eclipse.lsp4j.jsonrpc.RemoteEndpoint handleCancellation
WARNING: Unmatched cancel notification for request id 3054
[0m2022.02.25 14:44:46 WARN  unsupported Scala 2.13.8[0m
[0m2022.02.25 14:44:46 WARN  unsupported Scala 2.13.8[0m
[0m2022.02.25 14:44:47 WARN  unsupported Scala 2.13.8[0m
[0m2022.02.25 14:44:47 WARN  unsupported Scala 2.13.8[0m
[0m2022.02.25 14:44:47 WARN  unsupported Scala 2.13.8[0m
[0m2022.02.25 14:44:53 WARN  unsupported Scala 2.13.8[0m
Feb 25, 2022 2:44:54 PM org.eclipse.lsp4j.jsonrpc.RemoteEndpoint handleCancellation
WARNING: Unmatched cancel notification for request id 3063
Feb 25, 2022 2:44:54 PM org.eclipse.lsp4j.jsonrpc.RemoteEndpoint handleCancellation
WARNING: Unmatched cancel notification for request id 3062
[0m2022.02.25 14:44:54 WARN  unsupported Scala 2.13.8[0m
[0m2022.02.25 14:44:54 WARN  unsupported Scala 2.13.8[0m
[0m2022.02.25 14:44:54 WARN  unsupported Scala 2.13.8[0m
[0m2022.02.25 14:44:55 WARN  unsupported Scala 2.13.8[0m
[0m2022.02.25 14:44:55 WARN  unsupported Scala 2.13.8[0m
[0m2022.02.25 14:44:58 WARN  unsupported Scala 2.13.8[0m
[0m2022.02.25 14:44:58 WARN  unsupported Scala 2.13.8[0m
[0m2022.02.25 14:45:00 WARN  unsupported Scala 2.13.8[0m
[0m2022.02.25 14:45:01 WARN  unsupported Scala 2.13.8[0m
[0m2022.02.25 14:45:02 WARN  unsupported Scala 2.13.8[0m
[0m2022.02.25 14:45:05 WARN  unsupported Scala 2.13.8[0m
[0m2022.02.25 14:45:06 WARN  unsupported Scala 2.13.8[0m
[0m2022.02.25 14:45:10 WARN  unsupported Scala 2.13.8[0m
[0m2022.02.25 14:45:12 WARN  unsupported Scala 2.13.8[0m
[0m2022.02.25 14:45:12 WARN  unsupported Scala 2.13.8[0m
[0m2022.02.25 14:45:15 WARN  unsupported Scala 2.13.8[0m
[0m2022.02.25 14:45:15 WARN  unsupported Scala 2.13.8[0m
[0m2022.02.25 14:45:17 WARN  unsupported Scala 2.13.8[0m
[0m2022.02.25 14:45:17 WARN  unsupported Scala 2.13.8[0m
[0m2022.02.25 14:45:17 WARN  unsupported Scala 2.13.8[0m
Feb 25, 2022 2:45:17 PM org.eclipse.lsp4j.jsonrpc.RemoteEndpoint handleCancellation
WARNING: Unmatched cancel notification for request id 3125
[0m2022.02.25 14:45:17 WARN  unsupported Scala 2.13.8[0m
[0m2022.02.25 14:45:17 WARN  unsupported Scala 2.13.8[0m
[0m2022.02.25 14:45:17 WARN  unsupported Scala 2.13.8[0m
[0m2022.02.25 14:45:19 INFO  compiling root (1 scala source)[0m
[0m2022.02.25 14:45:20 INFO  time: compiled root in 1.21s[0m
[0m2022.02.25 14:49:56 WARN  unsupported Scala 2.13.8[0m
[0m2022.02.25 14:50:07 WARN  unsupported Scala 2.13.8[0m
[0m2022.02.25 14:53:11 WARN  unsupported Scala 2.13.8[0m
[0m2022.02.25 14:53:15 WARN  unsupported Scala 2.13.8[0m
[0m2022.02.25 14:53:16 WARN  unsupported Scala 2.13.8[0m
[0m2022.02.25 14:53:18 WARN  unsupported Scala 2.13.8[0m
[0m2022.02.25 14:53:20 WARN  unsupported Scala 2.13.8[0m
[0m2022.02.25 14:53:20 WARN  unsupported Scala 2.13.8[0m
[0m2022.02.25 14:53:22 WARN  unsupported Scala 2.13.8[0m
[0m2022.02.25 14:53:34 WARN  unsupported Scala 2.13.8[0m
[0m2022.02.25 14:53:36 WARN  unsupported Scala 2.13.8[0m
[0m2022.02.25 14:53:37 WARN  unsupported Scala 2.13.8[0m
[0m2022.02.25 14:53:37 WARN  unsupported Scala 2.13.8[0m
[0m2022.02.25 14:53:45 WARN  unsupported Scala 2.13.8[0m
[0m2022.02.25 15:01:41 WARN  unsupported Scala 2.13.8[0m
[0m2022.02.25 15:06:52 WARN  unsupported Scala 2.13.8[0m
[0m2022.02.25 15:06:56 INFO  compiling root (1 scala source)[0m
[0m2022.02.25 15:06:58 INFO  time: compiled root in 1.91s[0m
[0m2022.02.25 15:57:09 WARN  unsupported Scala 2.13.8[0m
[0m2022.02.25 15:57:10 WARN  unsupported Scala 2.13.8[0m
[0m2022.02.25 15:57:11 WARN  unsupported Scala 2.13.8[0m
